{"level":"local.info","ts":"[2023-06-22 17:34:57.041]","caller":"gin/main.go:13","msg":"日志初始化成功"}
{"level":"local.error","ts":"[2023-06-22 17:35:18.107]","caller":"bootstrap/db.go:104","msg":"MySQL启动异常","err":"dial tcp 172.17.0.3:3306: connectex: A connection attempt failed because the connected party did not properly respond after a period of time, or established connection failed because connected host has failed to respond."}
{"level":"local.info","ts":"[2023-06-22 17:35:18.107]","caller":"gin/main.go:19","msg":"mysql数据库初始化失败"}
{"level":"local.info","ts":"[2023-06-22 17:35:18.108]","caller":"gin/main.go:35","msg":"Redis数据库初始化成功"}
{"level":"local.info","ts":"[2023-06-22 17:35:43.412]","caller":"gin/main.go:13","msg":"日志初始化成功"}
{"level":"local.error","ts":"[2023-06-22 17:35:43.421]","caller":"bootstrap/db.go:104","msg":"MySQL启动异常","err":"Error 1049 (42000): Unknown database 'go_test'"}
{"level":"local.info","ts":"[2023-06-22 17:35:43.421]","caller":"gin/main.go:19","msg":"mysql数据库初始化失败"}
{"level":"local.info","ts":"[2023-06-22 17:35:43.422]","caller":"gin/main.go:35","msg":"Redis数据库初始化成功"}
{"level":"local.info","ts":"[2023-06-22 17:37:17.637]","caller":"gin/main.go:13","msg":"日志初始化成功"}
{"level":"local.info","ts":"[2023-06-22 17:37:17.734]","caller":"gin/main.go:21","msg":"mysql数据库初始化成功"}
{"level":"local.info","ts":"[2023-06-22 17:37:17.735]","caller":"gin/main.go:35","msg":"Redis数据库初始化成功"}
{"level":"local.info","ts":"[2023-06-22 18:11:15.003]","caller":"gin/main.go:13","msg":"日志初始化成功"}
{"level":"local.info","ts":"[2023-06-22 18:11:15.032]","caller":"gin/main.go:21","msg":"mysql数据库初始化成功"}
{"level":"local.info","ts":"[2023-06-22 18:11:15.033]","caller":"gin/main.go:35","msg":"Redis数据库初始化成功"}
{"level":"local.info","ts":"[2023-06-22 18:15:31.041]","caller":"routers/api.go:59","msg":"cookie获取错误，请联系管理员"}
{"level":"local.info","ts":"[2023-06-22 18:16:29.653]","caller":"gin/main.go:13","msg":"日志初始化成功"}
{"level":"local.info","ts":"[2023-06-22 18:16:29.682]","caller":"gin/main.go:21","msg":"mysql数据库初始化成功"}
{"level":"local.info","ts":"[2023-06-22 18:16:29.683]","caller":"gin/main.go:35","msg":"Redis数据库初始化成功"}
{"level":"local.info","ts":"[2023-06-22 18:17:22.124]","caller":"gin/main.go:13","msg":"日志初始化成功"}
{"level":"local.info","ts":"[2023-06-22 18:17:22.151]","caller":"gin/main.go:21","msg":"mysql数据库初始化成功"}
{"level":"local.info","ts":"[2023-06-22 18:17:22.152]","caller":"gin/main.go:35","msg":"Redis数据库初始化成功"}
{"level":"local.info","ts":"[2023-06-22 18:17:57.391]","caller":"gin/main.go:13","msg":"日志初始化成功"}
{"level":"local.info","ts":"[2023-06-22 18:17:57.419]","caller":"gin/main.go:21","msg":"mysql数据库初始化成功"}
{"level":"local.info","ts":"[2023-06-22 18:17:57.420]","caller":"gin/main.go:35","msg":"Redis数据库初始化成功"}
{"level":"local.info","ts":"[2023-06-22 18:18:34.493]","caller":"gin/main.go:13","msg":"日志初始化成功"}
{"level":"local.info","ts":"[2023-06-22 18:18:34.523]","caller":"gin/main.go:21","msg":"mysql数据库初始化成功"}
{"level":"local.info","ts":"[2023-06-22 18:18:34.525]","caller":"gin/main.go:35","msg":"Redis数据库初始化成功"}
{"level":"local.info","ts":"[2023-06-22 20:27:30.465]","caller":"gin/main.go:13","msg":"日志初始化成功"}
{"level":"local.info","ts":"[2023-06-22 20:27:30.492]","caller":"gin/main.go:21","msg":"mysql数据库初始化成功"}
{"level":"local.info","ts":"[2023-06-22 20:27:30.493]","caller":"gin/main.go:35","msg":"Redis数据库初始化成功"}
{"level":"local.info","ts":"[2023-06-22 20:33:42.127]","caller":"gin/main.go:13","msg":"日志初始化成功"}
{"level":"local.info","ts":"[2023-06-22 20:33:42.151]","caller":"gin/main.go:21","msg":"mysql数据库初始化成功"}
{"level":"local.info","ts":"[2023-06-22 20:33:42.153]","caller":"gin/main.go:35","msg":"Redis数据库初始化成功"}
{"level":"local.info","ts":"[2023-06-22 20:46:41.137]","caller":"gin/main.go:13","msg":"日志初始化成功"}
{"level":"local.info","ts":"[2023-06-22 20:46:41.167]","caller":"gin/main.go:21","msg":"mysql数据库初始化成功"}
{"level":"local.info","ts":"[2023-06-22 20:46:41.168]","caller":"gin/main.go:35","msg":"Redis数据库初始化成功"}
{"level":"local.info","ts":"[2023-06-23 00:12:36.095]","caller":"gin/main.go:13","msg":"日志初始化成功"}
{"level":"local.error","ts":"[2023-06-23 00:12:38.151]","caller":"bootstrap/db.go:104","msg":"MySQL启动异常","err":"dial tcp 127.0.0.1:3306: connectex: No connection could be made because the target machine actively refused it."}
{"level":"local.info","ts":"[2023-06-23 00:12:38.151]","caller":"gin/main.go:19","msg":"mysql数据库初始化失败"}
{"level":"local.error","ts":"[2023-06-23 00:12:46.423]","caller":"bootstrap/redis.go:19","msg":"Redis connect ping failed,err :","err":"dial tcp 127.0.0.1:6379: connectex: No connection could be made because the target machine actively refused it."}
{"level":"local.info","ts":"[2023-06-23 00:12:46.423]","caller":"gin/main.go:33","msg":"Redis数据库初始化失败"}
{"level":"local.info","ts":"[2023-06-23 00:14:03.079]","caller":"gin/main.go:13","msg":"日志初始化成功"}
{"level":"local.info","ts":"[2023-06-23 00:14:03.116]","caller":"gin/main.go:21","msg":"mysql数据库初始化成功"}
{"level":"local.info","ts":"[2023-06-23 00:14:03.117]","caller":"gin/main.go:35","msg":"Redis数据库初始化成功"}
{"level":"local.info","ts":"[2023-06-23 00:47:23.147]","caller":"gin/main.go:13","msg":"日志初始化成功"}
{"level":"local.info","ts":"[2023-06-23 00:47:23.172]","caller":"gin/main.go:21","msg":"mysql数据库初始化成功"}
{"level":"local.info","ts":"[2023-06-23 00:47:23.173]","caller":"gin/main.go:35","msg":"Redis数据库初始化成功"}
{"level":"local.info","ts":"[2023-06-23 01:03:10.904]","caller":"gin/main.go:13","msg":"日志初始化成功"}
{"level":"local.info","ts":"[2023-06-23 01:03:10.928]","caller":"gin/main.go:21","msg":"mysql数据库初始化成功"}
{"level":"local.info","ts":"[2023-06-23 01:03:10.929]","caller":"gin/main.go:35","msg":"Redis数据库初始化成功"}
{"level":"local.info","ts":"[2023-06-23 01:04:36.040]","caller":"gin/main.go:13","msg":"日志初始化成功"}
{"level":"local.info","ts":"[2023-06-23 01:04:36.066]","caller":"gin/main.go:21","msg":"mysql数据库初始化成功"}
{"level":"local.info","ts":"[2023-06-23 01:04:36.067]","caller":"gin/main.go:35","msg":"Redis数据库初始化成功"}
{"level":"local.info","ts":"[2023-06-23 01:09:53.884]","caller":"gin/main.go:13","msg":"日志初始化成功"}
{"level":"local.info","ts":"[2023-06-23 01:09:53.908]","caller":"gin/main.go:21","msg":"mysql数据库初始化成功"}
{"level":"local.info","ts":"[2023-06-23 01:09:53.909]","caller":"gin/main.go:35","msg":"Redis数据库初始化成功"}
{"level":"local.info","ts":"[2023-06-23 11:16:08.405]","caller":"gin/main.go:13","msg":"日志初始化成功"}
{"level":"local.info","ts":"[2023-06-23 11:16:08.441]","caller":"gin/main.go:21","msg":"mysql数据库初始化成功"}
{"level":"local.info","ts":"[2023-06-23 11:16:08.443]","caller":"gin/main.go:35","msg":"Redis数据库初始化成功"}
{"level":"local.info","ts":"[2023-06-23 13:55:10.661]","caller":"gin/main.go:13","msg":"日志初始化成功"}
{"level":"local.info","ts":"[2023-06-23 13:55:10.708]","caller":"gin/main.go:21","msg":"mysql数据库初始化成功"}
{"level":"local.info","ts":"[2023-06-23 13:55:10.711]","caller":"gin/main.go:35","msg":"Redis数据库初始化成功"}
{"level":"local.info","ts":"[2023-06-23 14:03:58.634]","caller":"gin/main.go:13","msg":"日志初始化成功"}
{"level":"local.info","ts":"[2023-06-23 14:03:58.659]","caller":"gin/main.go:21","msg":"mysql数据库初始化成功"}
{"level":"local.info","ts":"[2023-06-23 14:03:58.660]","caller":"gin/main.go:35","msg":"Redis数据库初始化成功"}
{"level":"local.info","ts":"[2023-06-23 14:07:57.652]","caller":"gin/main.go:13","msg":"日志初始化成功"}
{"level":"local.info","ts":"[2023-06-23 14:07:57.677]","caller":"gin/main.go:21","msg":"mysql数据库初始化成功"}
{"level":"local.info","ts":"[2023-06-23 14:07:57.678]","caller":"gin/main.go:35","msg":"Redis数据库初始化成功"}
{"level":"local.info","ts":"[2023-06-23 14:09:57.502]","caller":"gin/main.go:13","msg":"日志初始化成功"}
{"level":"local.info","ts":"[2023-06-23 14:09:57.528]","caller":"gin/main.go:21","msg":"mysql数据库初始化成功"}
{"level":"local.info","ts":"[2023-06-23 14:09:57.529]","caller":"gin/main.go:35","msg":"Redis数据库初始化成功"}
{"level":"local.info","ts":"[2023-06-23 14:11:05.517]","caller":"gin/main.go:13","msg":"日志初始化成功"}
{"level":"local.info","ts":"[2023-06-23 14:11:05.552]","caller":"gin/main.go:21","msg":"mysql数据库初始化成功"}
{"level":"local.info","ts":"[2023-06-23 14:11:05.553]","caller":"gin/main.go:35","msg":"Redis数据库初始化成功"}
{"level":"local.info","ts":"[2023-06-23 14:11:13.528]","caller":"gin/main.go:13","msg":"日志初始化成功"}
{"level":"local.info","ts":"[2023-06-23 14:11:13.550]","caller":"gin/main.go:21","msg":"mysql数据库初始化成功"}
{"level":"local.info","ts":"[2023-06-23 14:11:13.553]","caller":"gin/main.go:35","msg":"Redis数据库初始化成功"}
{"level":"local.info","ts":"[2023-06-23 14:14:09.008]","caller":"gin/main.go:13","msg":"日志初始化成功"}
{"level":"local.info","ts":"[2023-06-23 14:14:09.031]","caller":"gin/main.go:21","msg":"mysql数据库初始化成功"}
{"level":"local.info","ts":"[2023-06-23 14:14:09.032]","caller":"gin/main.go:35","msg":"Redis数据库初始化成功"}
{"level":"local.info","ts":"[2023-06-23 14:15:51.518]","caller":"gin/main.go:13","msg":"日志初始化成功"}
{"level":"local.info","ts":"[2023-06-23 14:15:51.544]","caller":"gin/main.go:21","msg":"mysql数据库初始化成功"}
{"level":"local.info","ts":"[2023-06-23 14:15:51.545]","caller":"gin/main.go:35","msg":"Redis数据库初始化成功"}
{"level":"local.info","ts":"[2023-06-23 14:17:27.910]","caller":"gin/main.go:13","msg":"日志初始化成功"}
{"level":"local.info","ts":"[2023-06-23 14:17:27.934]","caller":"gin/main.go:21","msg":"mysql数据库初始化成功"}
{"level":"local.info","ts":"[2023-06-23 14:17:27.935]","caller":"gin/main.go:35","msg":"Redis数据库初始化成功"}
{"level":"local.info","ts":"[2023-06-23 14:30:55.397]","caller":"gin/main.go:13","msg":"日志初始化成功"}
{"level":"local.info","ts":"[2023-06-23 14:30:55.423]","caller":"gin/main.go:21","msg":"mysql数据库初始化成功"}
{"level":"local.info","ts":"[2023-06-23 14:30:55.424]","caller":"gin/main.go:35","msg":"Redis数据库初始化成功"}
{"level":"local.info","ts":"[2023-06-23 14:54:11.104]","caller":"gin/main.go:13","msg":"日志初始化成功"}
{"level":"local.info","ts":"[2023-06-23 14:54:11.128]","caller":"gin/main.go:21","msg":"mysql数据库初始化成功"}
{"level":"local.info","ts":"[2023-06-23 14:54:11.129]","caller":"gin/main.go:35","msg":"Redis数据库初始化成功"}
{"level":"local.info","ts":"[2023-06-23 14:58:21.604]","caller":"gin/main.go:13","msg":"日志初始化成功"}
{"level":"local.info","ts":"[2023-06-23 14:58:21.628]","caller":"gin/main.go:21","msg":"mysql数据库初始化成功"}
{"level":"local.info","ts":"[2023-06-23 14:58:21.629]","caller":"gin/main.go:35","msg":"Redis数据库初始化成功"}
{"level":"local.info","ts":"[2023-06-23 14:59:54.180]","caller":"gin/main.go:13","msg":"日志初始化成功"}
{"level":"local.info","ts":"[2023-06-23 14:59:54.204]","caller":"gin/main.go:21","msg":"mysql数据库初始化成功"}
{"level":"local.info","ts":"[2023-06-23 14:59:54.204]","caller":"gin/main.go:35","msg":"Redis数据库初始化成功"}
{"level":"local.info","ts":"[2023-06-24 00:38:05.145]","caller":"gin/main.go:13","msg":"日志初始化成功"}
{"level":"local.info","ts":"[2023-06-24 00:38:05.193]","caller":"gin/main.go:21","msg":"mysql数据库初始化成功"}
{"level":"local.info","ts":"[2023-06-24 00:38:05.194]","caller":"gin/main.go:35","msg":"Redis数据库初始化成功"}
{"level":"local.info","ts":"[2023-06-24 00:41:12.223]","caller":"gin/main.go:13","msg":"日志初始化成功"}
{"level":"local.info","ts":"[2023-06-24 00:41:12.258]","caller":"gin/main.go:21","msg":"mysql数据库初始化成功"}
{"level":"local.info","ts":"[2023-06-24 00:41:12.259]","caller":"gin/main.go:35","msg":"Redis数据库初始化成功"}
{"level":"local.info","ts":"[2023-06-24 00:47:42.842]","caller":"gin/main.go:13","msg":"日志初始化成功"}
{"level":"local.info","ts":"[2023-06-24 00:47:42.879]","caller":"gin/main.go:21","msg":"mysql数据库初始化成功"}
{"level":"local.info","ts":"[2023-06-24 00:47:42.880]","caller":"gin/main.go:35","msg":"Redis数据库初始化成功"}
{"level":"local.info","ts":"[2023-06-24 00:49:32.410]","caller":"gin/main.go:13","msg":"日志初始化成功"}
{"level":"local.info","ts":"[2023-06-24 00:49:32.444]","caller":"gin/main.go:21","msg":"mysql数据库初始化成功"}
{"level":"local.info","ts":"[2023-06-24 00:49:32.445]","caller":"gin/main.go:35","msg":"Redis数据库初始化成功"}
{"level":"local.info","ts":"[2023-06-24 00:51:41.301]","caller":"gin/main.go:13","msg":"日志初始化成功"}
{"level":"local.info","ts":"[2023-06-24 00:51:41.331]","caller":"gin/main.go:21","msg":"mysql数据库初始化成功"}
{"level":"local.info","ts":"[2023-06-24 00:51:41.332]","caller":"gin/main.go:35","msg":"Redis数据库初始化成功"}
{"level":"local.info","ts":"[2023-06-24 00:55:02.093]","caller":"routers/api.go:59","msg":"cookie获取错误，请联系管理员"}
{"level":"local.info","ts":"[2023-06-24 00:55:06.204]","caller":"routers/api.go:59","msg":"cookie获取错误，请联系管理员"}
{"level":"local.info","ts":"[2023-06-24 00:55:06.522]","caller":"routers/api.go:59","msg":"cookie获取错误，请联系管理员"}
{"level":"local.info","ts":"[2023-06-24 00:55:06.831]","caller":"routers/api.go:59","msg":"cookie获取错误，请联系管理员"}
{"level":"local.info","ts":"[2023-06-24 00:55:07.043]","caller":"routers/api.go:59","msg":"cookie获取错误，请联系管理员"}
{"level":"local.info","ts":"[2023-06-24 00:55:07.236]","caller":"routers/api.go:59","msg":"cookie获取错误，请联系管理员"}
{"level":"local.info","ts":"[2023-06-24 00:55:07.458]","caller":"routers/api.go:59","msg":"cookie获取错误，请联系管理员"}
{"level":"local.info","ts":"[2023-06-24 00:55:07.669]","caller":"routers/api.go:59","msg":"cookie获取错误，请联系管理员"}
{"level":"local.info","ts":"[2023-06-24 00:55:07.845]","caller":"routers/api.go:59","msg":"cookie获取错误，请联系管理员"}
{"level":"local.info","ts":"[2023-06-24 00:55:08.068]","caller":"routers/api.go:59","msg":"cookie获取错误，请联系管理员"}
{"level":"local.info","ts":"[2023-06-24 00:55:08.269]","caller":"routers/api.go:59","msg":"cookie获取错误，请联系管理员"}
{"level":"local.info","ts":"[2023-06-24 00:55:08.641]","caller":"routers/api.go:59","msg":"cookie获取错误，请联系管理员"}
{"level":"local.info","ts":"[2023-06-24 00:55:09.027]","caller":"routers/api.go:59","msg":"cookie获取错误，请联系管理员"}
{"level":"local.info","ts":"[2023-06-24 00:55:09.334]","caller":"routers/api.go:59","msg":"cookie获取错误，请联系管理员"}
{"level":"local.info","ts":"[2023-06-24 00:55:20.357]","caller":"routers/api.go:59","msg":"cookie获取错误，请联系管理员"}
{"level":"local.info","ts":"[2023-06-24 00:55:29.258]","caller":"gin/main.go:13","msg":"日志初始化成功"}
{"level":"local.info","ts":"[2023-06-24 00:55:29.289]","caller":"gin/main.go:21","msg":"mysql数据库初始化成功"}
{"level":"local.info","ts":"[2023-06-24 00:55:29.290]","caller":"gin/main.go:35","msg":"Redis数据库初始化成功"}
{"level":"local.info","ts":"[2023-06-24 00:55:29.299]","caller":"routers/api.go:59","msg":"cookie获取错误，请联系管理员"}
{"level":"local.info","ts":"[2023-06-24 00:55:29.300]","caller":"routers/api.go:59","msg":"cookie获取错误，请联系管理员"}
{"level":"local.info","ts":"[2023-06-24 00:55:29.302]","caller":"routers/api.go:59","msg":"cookie获取错误，请联系管理员"}
{"level":"local.info","ts":"[2023-06-24 00:55:29.303]","caller":"routers/api.go:59","msg":"cookie获取错误，请联系管理员"}
{"level":"local.info","ts":"[2023-06-24 00:55:29.304]","caller":"routers/api.go:59","msg":"cookie获取错误，请联系管理员"}
{"level":"local.info","ts":"[2023-06-24 00:55:29.304]","caller":"routers/api.go:59","msg":"cookie获取错误，请联系管理员"}
{"level":"local.info","ts":"[2023-06-24 00:55:29.358]","caller":"routers/api.go:59","msg":"cookie获取错误，请联系管理员"}
{"level":"local.info","ts":"[2023-06-24 00:55:29.539]","caller":"routers/api.go:59","msg":"cookie获取错误，请联系管理员"}
{"level":"local.info","ts":"[2023-06-24 00:55:29.714]","caller":"routers/api.go:59","msg":"cookie获取错误，请联系管理员"}
{"level":"local.info","ts":"[2023-06-24 00:55:29.899]","caller":"routers/api.go:59","msg":"cookie获取错误，请联系管理员"}
{"level":"local.info","ts":"[2023-06-24 00:55:30.077]","caller":"routers/api.go:59","msg":"cookie获取错误，请联系管理员"}
{"level":"local.info","ts":"[2023-06-24 00:55:36.145]","caller":"routers/api.go:59","msg":"cookie获取错误，请联系管理员"}
{"level":"local.info","ts":"[2023-06-24 00:55:36.297]","caller":"routers/api.go:59","msg":"cookie获取错误，请联系管理员"}
{"level":"local.info","ts":"[2023-06-24 00:55:36.493]","caller":"routers/api.go:59","msg":"cookie获取错误，请联系管理员"}
{"level":"local.info","ts":"[2023-06-24 00:55:36.700]","caller":"routers/api.go:59","msg":"cookie获取错误，请联系管理员"}
{"level":"local.info","ts":"[2023-06-24 00:55:36.897]","caller":"routers/api.go:59","msg":"cookie获取错误，请联系管理员"}
{"level":"local.info","ts":"[2023-06-24 00:55:37.181]","caller":"routers/api.go:59","msg":"cookie获取错误，请联系管理员"}
{"level":"local.info","ts":"[2023-06-24 00:55:37.363]","caller":"routers/api.go:59","msg":"cookie获取错误，请联系管理员"}
{"level":"local.info","ts":"[2023-06-24 00:55:37.516]","caller":"routers/api.go:59","msg":"cookie获取错误，请联系管理员"}
{"level":"local.info","ts":"[2023-06-24 00:55:42.101]","caller":"gin/main.go:13","msg":"日志初始化成功"}
{"level":"local.info","ts":"[2023-06-24 00:55:42.132]","caller":"gin/main.go:21","msg":"mysql数据库初始化成功"}
{"level":"local.info","ts":"[2023-06-24 00:55:42.133]","caller":"gin/main.go:35","msg":"Redis数据库初始化成功"}
{"level":"local.info","ts":"[2023-06-24 00:55:44.359]","caller":"routers/api.go:59","msg":"cookie获取错误，请联系管理员"}
{"level":"local.info","ts":"[2023-06-24 00:55:44.500]","caller":"routers/api.go:59","msg":"cookie获取错误，请联系管理员"}
{"level":"local.info","ts":"[2023-06-24 00:55:44.661]","caller":"routers/api.go:59","msg":"cookie获取错误，请联系管理员"}
{"level":"local.info","ts":"[2023-06-24 00:55:47.600]","caller":"routers/api.go:59","msg":"cookie获取错误，请联系管理员"}
{"level":"local.info","ts":"[2023-06-24 00:55:48.173]","caller":"routers/api.go:59","msg":"cookie获取错误，请联系管理员"}
{"level":"local.info","ts":"[2023-06-24 00:55:48.697]","caller":"routers/api.go:59","msg":"cookie获取错误，请联系管理员"}
{"level":"local.info","ts":"[2023-06-24 00:55:49.123]","caller":"routers/api.go:59","msg":"cookie获取错误，请联系管理员"}
{"level":"local.info","ts":"[2023-06-24 00:57:15.678]","caller":"routers/api.go:59","msg":"cookie获取错误，请联系管理员"}
{"level":"local.info","ts":"[2023-06-24 00:57:16.675]","caller":"routers/api.go:59","msg":"cookie获取错误，请联系管理员"}
{"level":"local.info","ts":"[2023-06-24 00:57:43.177]","caller":"routers/api.go:59","msg":"cookie获取错误，请联系管理员"}
{"level":"local.info","ts":"[2023-06-24 00:57:43.920]","caller":"routers/api.go:59","msg":"cookie获取错误，请联系管理员"}
{"level":"local.info","ts":"[2023-06-24 00:57:44.629]","caller":"routers/api.go:59","msg":"cookie获取错误，请联系管理员"}
{"level":"local.info","ts":"[2023-06-24 00:57:45.539]","caller":"routers/api.go:59","msg":"cookie获取错误，请联系管理员"}
{"level":"local.info","ts":"[2023-06-24 00:57:46.019]","caller":"routers/api.go:59","msg":"cookie获取错误，请联系管理员"}
{"level":"local.info","ts":"[2023-06-24 00:58:29.956]","caller":"routers/api.go:59","msg":"cookie获取错误，请联系管理员"}
{"level":"local.info","ts":"[2023-06-24 00:58:30.929]","caller":"routers/api.go:59","msg":"cookie获取错误，请联系管理员"}
{"level":"local.info","ts":"[2023-06-24 00:58:31.729]","caller":"routers/api.go:59","msg":"cookie获取错误，请联系管理员"}
{"level":"local.info","ts":"[2023-06-24 00:58:44.383]","caller":"routers/api.go:59","msg":"cookie获取错误，请联系管理员"}
{"level":"local.info","ts":"[2023-06-24 00:58:45.466]","caller":"routers/api.go:59","msg":"cookie获取错误，请联系管理员"}
{"level":"local.info","ts":"[2023-06-24 00:58:45.982]","caller":"routers/api.go:59","msg":"cookie获取错误，请联系管理员"}
{"level":"local.info","ts":"[2023-06-24 00:58:46.332]","caller":"routers/api.go:59","msg":"cookie获取错误，请联系管理员"}
{"level":"local.info","ts":"[2023-06-24 00:58:46.669]","caller":"routers/api.go:59","msg":"cookie获取错误，请联系管理员"}
{"level":"local.info","ts":"[2023-06-24 00:58:46.907]","caller":"routers/api.go:59","msg":"cookie获取错误，请联系管理员"}
{"level":"local.info","ts":"[2023-06-24 00:58:47.072]","caller":"routers/api.go:59","msg":"cookie获取错误，请联系管理员"}
{"level":"local.info","ts":"[2023-06-24 00:58:49.684]","caller":"routers/api.go:59","msg":"cookie获取错误，请联系管理员"}
{"level":"local.info","ts":"[2023-06-24 00:58:50.293]","caller":"routers/api.go:59","msg":"cookie获取错误，请联系管理员"}
{"level":"local.info","ts":"[2023-06-24 00:58:50.472]","caller":"routers/api.go:59","msg":"cookie获取错误，请联系管理员"}
{"level":"local.info","ts":"[2023-06-24 00:58:50.688]","caller":"routers/api.go:59","msg":"cookie获取错误，请联系管理员"}
{"level":"local.info","ts":"[2023-06-24 00:59:04.420]","caller":"gin/main.go:13","msg":"日志初始化成功"}
{"level":"local.info","ts":"[2023-06-24 00:59:04.456]","caller":"gin/main.go:21","msg":"mysql数据库初始化成功"}
{"level":"local.info","ts":"[2023-06-24 00:59:04.458]","caller":"gin/main.go:35","msg":"Redis数据库初始化成功"}
{"level":"local.info","ts":"[2023-06-24 00:59:10.522]","caller":"routers/api.go:59","msg":"cookie获取错误，请联系管理员"}
{"level":"local.info","ts":"[2023-06-24 01:11:30.861]","caller":"gin/main.go:13","msg":"日志初始化成功"}
{"level":"local.info","ts":"[2023-06-24 01:11:30.900]","caller":"gin/main.go:21","msg":"mysql数据库初始化成功"}
{"level":"local.info","ts":"[2023-06-24 01:11:30.901]","caller":"gin/main.go:35","msg":"Redis数据库初始化成功"}
{"level":"local.info","ts":"[2023-06-24 01:41:03.883]","caller":"gin/main.go:13","msg":"日志初始化成功"}
{"level":"local.info","ts":"[2023-06-24 01:41:03.915]","caller":"gin/main.go:21","msg":"mysql数据库初始化成功"}
{"level":"local.info","ts":"[2023-06-24 01:41:03.916]","caller":"gin/main.go:35","msg":"Redis数据库初始化成功"}
{"level":"local.info","ts":"[2023-06-24 01:43:56.362]","caller":"gin/main.go:13","msg":"日志初始化成功"}
{"level":"local.info","ts":"[2023-06-24 01:43:56.394]","caller":"gin/main.go:21","msg":"mysql数据库初始化成功"}
{"level":"local.info","ts":"[2023-06-24 01:43:56.397]","caller":"gin/main.go:35","msg":"Redis数据库初始化成功"}
{"level":"local.info","ts":"[2023-06-25 11:34:24.680]","caller":"gin/main.go:13","msg":"日志初始化成功"}
{"level":"local.info","ts":"[2023-06-25 11:34:24.726]","caller":"gin/main.go:21","msg":"mysql数据库初始化成功"}
{"level":"local.info","ts":"[2023-06-25 11:34:24.727]","caller":"gin/main.go:35","msg":"Redis数据库初始化成功"}
{"level":"local.info","ts":"[2023-06-25 21:02:30.349]","caller":"gin/main.go:13","msg":"日志初始化成功"}
{"level":"local.info","ts":"[2023-06-25 21:02:30.385]","caller":"gin/main.go:21","msg":"mysql数据库初始化成功"}
{"level":"local.info","ts":"[2023-06-25 21:02:30.386]","caller":"gin/main.go:35","msg":"Redis数据库初始化成功"}
{"level":"local.info","ts":"[2023-06-25 21:13:50.449]","caller":"gin/main.go:13","msg":"日志初始化成功"}
{"level":"local.info","ts":"[2023-06-25 21:13:50.475]","caller":"gin/main.go:21","msg":"mysql数据库初始化成功"}
{"level":"local.info","ts":"[2023-06-25 21:13:50.476]","caller":"gin/main.go:35","msg":"Redis数据库初始化成功"}
{"level":"local.info","ts":"[2023-06-25 21:14:29.097]","caller":"gin/main.go:13","msg":"日志初始化成功"}
{"level":"local.info","ts":"[2023-06-25 21:14:29.131]","caller":"gin/main.go:21","msg":"mysql数据库初始化成功"}
{"level":"local.info","ts":"[2023-06-25 21:14:29.133]","caller":"gin/main.go:35","msg":"Redis数据库初始化成功"}
{"level":"local.info","ts":"[2023-06-25 21:16:25.403]","caller":"gin/main.go:13","msg":"日志初始化成功"}
{"level":"local.info","ts":"[2023-06-25 21:16:25.438]","caller":"gin/main.go:21","msg":"mysql数据库初始化成功"}
{"level":"local.info","ts":"[2023-06-25 21:16:25.439]","caller":"gin/main.go:35","msg":"Redis数据库初始化成功"}
{"level":"local.info","ts":"[2023-06-25 21:21:11.171]","caller":"gin/main.go:13","msg":"日志初始化成功"}
{"level":"local.info","ts":"[2023-06-25 21:21:11.196]","caller":"gin/main.go:21","msg":"mysql数据库初始化成功"}
{"level":"local.info","ts":"[2023-06-25 21:21:11.197]","caller":"gin/main.go:35","msg":"Redis数据库初始化成功"}
{"level":"local.info","ts":"[2023-06-25 21:22:27.328]","caller":"gin/main.go:13","msg":"日志初始化成功"}
{"level":"local.info","ts":"[2023-06-25 21:22:27.357]","caller":"gin/main.go:21","msg":"mysql数据库初始化成功"}
{"level":"local.info","ts":"[2023-06-25 21:22:27.358]","caller":"gin/main.go:35","msg":"Redis数据库初始化成功"}
{"level":"local.info","ts":"[2023-06-25 21:24:06.206]","caller":"gin/main.go:13","msg":"日志初始化成功"}
{"level":"local.info","ts":"[2023-06-25 21:24:06.236]","caller":"gin/main.go:21","msg":"mysql数据库初始化成功"}
{"level":"local.info","ts":"[2023-06-25 21:24:06.237]","caller":"gin/main.go:35","msg":"Redis数据库初始化成功"}
{"level":"local.info","ts":"[2023-06-25 21:26:58.716]","caller":"gin/main.go:13","msg":"日志初始化成功"}
{"level":"local.info","ts":"[2023-06-25 21:26:58.741]","caller":"gin/main.go:21","msg":"mysql数据库初始化成功"}
{"level":"local.info","ts":"[2023-06-25 21:26:58.742]","caller":"gin/main.go:35","msg":"Redis数据库初始化成功"}
{"level":"local.info","ts":"[2023-06-25 21:34:32.672]","caller":"gin/main.go:13","msg":"日志初始化成功"}
{"level":"local.info","ts":"[2023-06-25 21:34:32.697]","caller":"gin/main.go:21","msg":"mysql数据库初始化成功"}
{"level":"local.info","ts":"[2023-06-25 21:34:32.697]","caller":"gin/main.go:35","msg":"Redis数据库初始化成功"}
{"level":"local.info","ts":"[2023-06-25 21:46:47.779]","caller":"gin/main.go:13","msg":"日志初始化成功"}
{"level":"local.info","ts":"[2023-06-25 21:46:47.805]","caller":"gin/main.go:21","msg":"mysql数据库初始化成功"}
{"level":"local.info","ts":"[2023-06-25 21:46:47.806]","caller":"gin/main.go:35","msg":"Redis数据库初始化成功"}
{"level":"local.info","ts":"[2023-06-26 01:20:01.765]","caller":"gin/main.go:13","msg":"日志初始化成功"}
{"level":"local.info","ts":"[2023-06-26 01:20:01.816]","caller":"gin/main.go:21","msg":"mysql数据库初始化成功"}
{"level":"local.info","ts":"[2023-06-26 01:20:01.818]","caller":"gin/main.go:35","msg":"Redis数据库初始化成功"}
{"level":"local.info","ts":"[2023-06-26 01:28:18.061]","caller":"gin/main.go:13","msg":"日志初始化成功"}
{"level":"local.info","ts":"[2023-06-26 01:28:18.095]","caller":"gin/main.go:21","msg":"mysql数据库初始化成功"}
{"level":"local.info","ts":"[2023-06-26 01:28:18.096]","caller":"gin/main.go:35","msg":"Redis数据库初始化成功"}
{"level":"local.info","ts":"[2023-06-26 01:29:21.897]","caller":"gin/main.go:13","msg":"日志初始化成功"}
{"level":"local.info","ts":"[2023-06-26 01:29:21.928]","caller":"gin/main.go:21","msg":"mysql数据库初始化成功"}
{"level":"local.info","ts":"[2023-06-26 01:29:21.929]","caller":"gin/main.go:35","msg":"Redis数据库初始化成功"}
{"level":"local.error","ts":"[2023-06-26 01:29:24.539]","caller":"middleware/jwt.go:47","msg":"42660"}
{"level":"local.info","ts":"[2023-06-26 01:29:50.864]","caller":"gin/main.go:13","msg":"日志初始化成功"}
{"level":"local.info","ts":"[2023-06-26 01:29:50.981]","caller":"gin/main.go:21","msg":"mysql数据库初始化成功"}
{"level":"local.info","ts":"[2023-06-26 01:29:50.982]","caller":"gin/main.go:35","msg":"Redis数据库初始化成功"}
{"level":"local.info","ts":"[2023-06-26 01:30:15.938]","caller":"gin/main.go:13","msg":"日志初始化成功"}
{"level":"local.info","ts":"[2023-06-26 01:30:16.039]","caller":"gin/main.go:21","msg":"mysql数据库初始化成功"}
{"level":"local.info","ts":"[2023-06-26 01:30:16.040]","caller":"gin/main.go:35","msg":"Redis数据库初始化成功"}
{"level":"local.error","ts":"[2023-06-26 01:30:17.920]","caller":"middleware/jwt.go:47","msg":"42607"}
{"level":"local.info","ts":"[2023-06-26 01:31:19.103]","caller":"gin/main.go:13","msg":"日志初始化成功"}
{"level":"local.info","ts":"[2023-06-26 01:31:19.134]","caller":"gin/main.go:21","msg":"mysql数据库初始化成功"}
{"level":"local.info","ts":"[2023-06-26 01:31:19.135]","caller":"gin/main.go:35","msg":"Redis数据库初始化成功"}
{"level":"local.error","ts":"[2023-06-26 01:31:32.446]","caller":"middleware/jwt.go:47","msg":"1687757488"}
{"level":"local.error","ts":"[2023-06-26 01:31:32.446]","caller":"middleware/jwt.go:48","msg":"1687714292"}
{"level":"local.info","ts":"[2023-06-26 10:54:37.801]","caller":"gin/main.go:13","msg":"日志初始化成功"}
{"level":"local.info","ts":"[2023-06-26 10:54:37.838]","caller":"gin/main.go:21","msg":"mysql数据库初始化成功"}
{"level":"local.info","ts":"[2023-06-26 10:54:37.840]","caller":"gin/main.go:35","msg":"Redis数据库初始化成功"}
{"level":"local.error","ts":"[2023-06-26 10:56:52.236]","caller":"middleware/jwt.go:47","msg":"1687748303"}
{"level":"local.error","ts":"[2023-06-26 10:56:52.236]","caller":"middleware/jwt.go:48","msg":"1687748212"}
{"level":"local.info","ts":"[2023-06-26 11:12:02.553]","caller":"gin/main.go:13","msg":"日志初始化成功"}
{"level":"local.info","ts":"[2023-06-26 11:12:02.579]","caller":"gin/main.go:21","msg":"mysql数据库初始化成功"}
{"level":"local.info","ts":"[2023-06-26 11:12:02.580]","caller":"gin/main.go:35","msg":"Redis数据库初始化成功"}
{"level":"local.info","ts":"[2023-06-26 11:14:24.607]","caller":"gin/main.go:13","msg":"日志初始化成功"}
{"level":"local.info","ts":"[2023-06-26 11:14:24.634]","caller":"gin/main.go:21","msg":"mysql数据库初始化成功"}
{"level":"local.info","ts":"[2023-06-26 11:14:24.635]","caller":"gin/main.go:35","msg":"Redis数据库初始化成功"}
{"level":"local.error","ts":"[2023-06-26 11:15:33.479]","caller":"middleware/jwt.go:57","msg":"1687749419"}
{"level":"local.error","ts":"[2023-06-26 11:15:33.479]","caller":"middleware/jwt.go:58","msg":"1687749333"}
{"level":"local.info","ts":"[2023-06-26 11:16:46.688]","caller":"gin/main.go:13","msg":"日志初始化成功"}
{"level":"local.info","ts":"[2023-06-26 11:16:46.714]","caller":"gin/main.go:21","msg":"mysql数据库初始化成功"}
{"level":"local.info","ts":"[2023-06-26 11:16:46.715]","caller":"gin/main.go:35","msg":"Redis数据库初始化成功"}
