
2023/06/22 17:35:18 E:/Study/Wildcat1u1/gin/gin/bootstrap/db.go:99
[error] failed to initialize database, got error dial tcp 172.17.0.3:3306: connectex: A connection attempt failed because the connected party did not properly respond after a period of time, or established connection failed because connected host has failed to respond.

2023/06/22 17:35:43 E:/Study/Wildcat1u1/gin/gin/bootstrap/db.go:99
[error] failed to initialize database, got error Error 1049 (42000): Unknown database 'go_test'

2023/06/22 17:37:17 E:/Study/Wildcat1u1/gin/gin/bootstrap/db.go:122
[0.502ms] [rows:-] SELECT DATABASE()

2023/06/22 17:37:17 E:/Study/Wildcat1u1/gin/gin/bootstrap/db.go:122
[1.181ms] [rows:1] SELECT SCHEMA_NAME from Information_schema.SCHEMATA where SCHEMA_NAME LIKE 'go_test%' ORDER BY SCHEMA_NAME='go_test' DESC,SCHEMA_NAME limit 1

2023/06/22 17:37:17 E:/Study/Wildcat1u1/gin/gin/bootstrap/db.go:122
[1.208ms] [rows:-] SELECT count(*) FROM information_schema.tables WHERE table_schema = 'go_test' AND table_name = 'users' AND table_type = 'BASE TABLE'

2023/06/22 17:37:17 E:/Study/Wildcat1u1/gin/gin/bootstrap/db.go:122
[82.435ms] [rows:0] CREATE TABLE `users` (`id` bigint unsigned AUTO_INCREMENT,`name` varchar(191) NOT NULL COMMENT '用户名称',`password` varchar(191) NOT NULL COMMENT '用户密码',`mobile` varchar(191) NOT NULL COMMENT '用户手机号',`email` varchar(191) NOT NULL COMMENT '用户邮箱',`created_at` datetime NULL,`updated_at` datetime NULL,`deleted_at` datetime NULL,PRIMARY KEY (`id`),INDEX `idx_users_mobile` (`mobile`),INDEX `idx_users_email` (`email`),INDEX `idx_users_deleted_at` (`deleted_at`))

2023/06/22 18:11:15 E:/Study/Wildcat1u1/gin/gin/bootstrap/db.go:122
[0.513ms] [rows:-] SELECT DATABASE()

2023/06/22 18:11:15 E:/Study/Wildcat1u1/gin/gin/bootstrap/db.go:122
[1.566ms] [rows:1] SELECT SCHEMA_NAME from Information_schema.SCHEMATA where SCHEMA_NAME LIKE 'go_test%' ORDER BY SCHEMA_NAME='go_test' DESC,SCHEMA_NAME limit 1

2023/06/22 18:11:15 E:/Study/Wildcat1u1/gin/gin/bootstrap/db.go:122
[1.031ms] [rows:-] SELECT count(*) FROM information_schema.tables WHERE table_schema = 'go_test' AND table_name = 'users' AND table_type = 'BASE TABLE'

2023/06/22 18:11:15 E:/Study/Wildcat1u1/gin/gin/bootstrap/db.go:122
[0.516ms] [rows:-] SELECT DATABASE()

2023/06/22 18:11:15 E:/Study/Wildcat1u1/gin/gin/bootstrap/db.go:122
[1.030ms] [rows:1] SELECT SCHEMA_NAME from Information_schema.SCHEMATA where SCHEMA_NAME LIKE 'go_test%' ORDER BY SCHEMA_NAME='go_test' DESC,SCHEMA_NAME limit 1

2023/06/22 18:11:15 E:/Study/Wildcat1u1/gin/gin/bootstrap/db.go:122
[2.116ms] [rows:-] SELECT * FROM `users` LIMIT 1

2023/06/22 18:11:15 E:/Study/Wildcat1u1/gin/gin/bootstrap/db.go:122
[1.541ms] [rows:-] SELECT column_name, column_default, is_nullable = 'YES', data_type, character_maximum_length, column_type, column_key, extra, column_comment, numeric_precision, numeric_scale FROM information_schema.columns WHERE table_schema = 'go_test' AND table_name = 'users' ORDER BY ORDINAL_POSITION

2023/06/22 18:11:15 E:/Study/Wildcat1u1/gin/gin/bootstrap/db.go:122
[0.537ms] [rows:-] SELECT DATABASE()

2023/06/22 18:11:15 E:/Study/Wildcat1u1/gin/gin/bootstrap/db.go:122
[1.033ms] [rows:1] SELECT SCHEMA_NAME from Information_schema.SCHEMATA where SCHEMA_NAME LIKE 'go_test%' ORDER BY SCHEMA_NAME='go_test' DESC,SCHEMA_NAME limit 1

2023/06/22 18:11:15 E:/Study/Wildcat1u1/gin/gin/bootstrap/db.go:122
[1.032ms] [rows:-] SELECT count(*) FROM information_schema.statistics WHERE table_schema = 'go_test' AND table_name = 'users' AND index_name = 'idx_users_mobile'

2023/06/22 18:11:15 E:/Study/Wildcat1u1/gin/gin/bootstrap/db.go:122
[0.512ms] [rows:-] SELECT DATABASE()

2023/06/22 18:11:15 E:/Study/Wildcat1u1/gin/gin/bootstrap/db.go:122
[1.072ms] [rows:1] SELECT SCHEMA_NAME from Information_schema.SCHEMATA where SCHEMA_NAME LIKE 'go_test%' ORDER BY SCHEMA_NAME='go_test' DESC,SCHEMA_NAME limit 1

2023/06/22 18:11:15 E:/Study/Wildcat1u1/gin/gin/bootstrap/db.go:122
[1.032ms] [rows:-] SELECT count(*) FROM information_schema.statistics WHERE table_schema = 'go_test' AND table_name = 'users' AND index_name = 'idx_users_email'

2023/06/22 18:11:15 E:/Study/Wildcat1u1/gin/gin/bootstrap/db.go:122
[0.515ms] [rows:-] SELECT DATABASE()

2023/06/22 18:11:15 E:/Study/Wildcat1u1/gin/gin/bootstrap/db.go:122
[1.062ms] [rows:1] SELECT SCHEMA_NAME from Information_schema.SCHEMATA where SCHEMA_NAME LIKE 'go_test%' ORDER BY SCHEMA_NAME='go_test' DESC,SCHEMA_NAME limit 1

2023/06/22 18:11:15 E:/Study/Wildcat1u1/gin/gin/bootstrap/db.go:122
[1.034ms] [rows:-] SELECT count(*) FROM information_schema.statistics WHERE table_schema = 'go_test' AND table_name = 'users' AND index_name = 'idx_users_deleted_at'

2023/06/22 18:16:29 E:/Study/Wildcat1u1/gin/gin/bootstrap/db.go:122
[0.514ms] [rows:-] SELECT DATABASE()

2023/06/22 18:16:29 E:/Study/Wildcat1u1/gin/gin/bootstrap/db.go:122
[2.296ms] [rows:1] SELECT SCHEMA_NAME from Information_schema.SCHEMATA where SCHEMA_NAME LIKE 'go_test%' ORDER BY SCHEMA_NAME='go_test' DESC,SCHEMA_NAME limit 1

2023/06/22 18:16:29 E:/Study/Wildcat1u1/gin/gin/bootstrap/db.go:122
[1.034ms] [rows:-] SELECT count(*) FROM information_schema.tables WHERE table_schema = 'go_test' AND table_name = 'users' AND table_type = 'BASE TABLE'

2023/06/22 18:16:29 E:/Study/Wildcat1u1/gin/gin/bootstrap/db.go:122
[0.518ms] [rows:-] SELECT DATABASE()

2023/06/22 18:16:29 E:/Study/Wildcat1u1/gin/gin/bootstrap/db.go:122
[1.097ms] [rows:1] SELECT SCHEMA_NAME from Information_schema.SCHEMATA where SCHEMA_NAME LIKE 'go_test%' ORDER BY SCHEMA_NAME='go_test' DESC,SCHEMA_NAME limit 1

2023/06/22 18:16:29 E:/Study/Wildcat1u1/gin/gin/bootstrap/db.go:122
[0.053ms] [rows:-] SELECT * FROM `users` LIMIT 1

2023/06/22 18:16:29 E:/Study/Wildcat1u1/gin/gin/bootstrap/db.go:122
[1.647ms] [rows:-] SELECT column_name, column_default, is_nullable = 'YES', data_type, character_maximum_length, column_type, column_key, extra, column_comment, numeric_precision, numeric_scale FROM information_schema.columns WHERE table_schema = 'go_test' AND table_name = 'users' ORDER BY ORDINAL_POSITION

2023/06/22 18:16:29 E:/Study/Wildcat1u1/gin/gin/bootstrap/db.go:122
[0.679ms] [rows:-] SELECT DATABASE()

2023/06/22 18:16:29 E:/Study/Wildcat1u1/gin/gin/bootstrap/db.go:122
[1.141ms] [rows:1] SELECT SCHEMA_NAME from Information_schema.SCHEMATA where SCHEMA_NAME LIKE 'go_test%' ORDER BY SCHEMA_NAME='go_test' DESC,SCHEMA_NAME limit 1

2023/06/22 18:16:29 E:/Study/Wildcat1u1/gin/gin/bootstrap/db.go:122
[1.537ms] [rows:-] SELECT count(*) FROM information_schema.statistics WHERE table_schema = 'go_test' AND table_name = 'users' AND index_name = 'idx_users_deleted_at'

2023/06/22 18:16:29 E:/Study/Wildcat1u1/gin/gin/bootstrap/db.go:122
[0.000ms] [rows:-] SELECT DATABASE()

2023/06/22 18:16:29 E:/Study/Wildcat1u1/gin/gin/bootstrap/db.go:122
[1.044ms] [rows:1] SELECT SCHEMA_NAME from Information_schema.SCHEMATA where SCHEMA_NAME LIKE 'go_test%' ORDER BY SCHEMA_NAME='go_test' DESC,SCHEMA_NAME limit 1

2023/06/22 18:16:29 E:/Study/Wildcat1u1/gin/gin/bootstrap/db.go:122
[1.041ms] [rows:-] SELECT count(*) FROM information_schema.statistics WHERE table_schema = 'go_test' AND table_name = 'users' AND index_name = 'idx_users_mobile'

2023/06/22 18:16:29 E:/Study/Wildcat1u1/gin/gin/bootstrap/db.go:122
[0.519ms] [rows:-] SELECT DATABASE()

2023/06/22 18:16:29 E:/Study/Wildcat1u1/gin/gin/bootstrap/db.go:122
[1.638ms] [rows:1] SELECT SCHEMA_NAME from Information_schema.SCHEMATA where SCHEMA_NAME LIKE 'go_test%' ORDER BY SCHEMA_NAME='go_test' DESC,SCHEMA_NAME limit 1

2023/06/22 18:16:29 E:/Study/Wildcat1u1/gin/gin/bootstrap/db.go:122
[1.557ms] [rows:-] SELECT count(*) FROM information_schema.statistics WHERE table_schema = 'go_test' AND table_name = 'users' AND index_name = 'idx_users_email'

2023/06/22 18:17:22 E:/Study/Wildcat1u1/gin/gin/bootstrap/db.go:122
[0.520ms] [rows:-] SELECT DATABASE()

2023/06/22 18:17:22 E:/Study/Wildcat1u1/gin/gin/bootstrap/db.go:122
[1.635ms] [rows:1] SELECT SCHEMA_NAME from Information_schema.SCHEMATA where SCHEMA_NAME LIKE 'go_test%' ORDER BY SCHEMA_NAME='go_test' DESC,SCHEMA_NAME limit 1

2023/06/22 18:17:22 E:/Study/Wildcat1u1/gin/gin/bootstrap/db.go:122
[1.766ms] [rows:-] SELECT count(*) FROM information_schema.tables WHERE table_schema = 'go_test' AND table_name = 'users' AND table_type = 'BASE TABLE'

2023/06/22 18:17:22 E:/Study/Wildcat1u1/gin/gin/bootstrap/db.go:122
[0.507ms] [rows:-] SELECT DATABASE()

2023/06/22 18:17:22 E:/Study/Wildcat1u1/gin/gin/bootstrap/db.go:122
[1.067ms] [rows:1] SELECT SCHEMA_NAME from Information_schema.SCHEMATA where SCHEMA_NAME LIKE 'go_test%' ORDER BY SCHEMA_NAME='go_test' DESC,SCHEMA_NAME limit 1

2023/06/22 18:17:22 E:/Study/Wildcat1u1/gin/gin/bootstrap/db.go:122
[0.528ms] [rows:-] SELECT * FROM `users` LIMIT 1

2023/06/22 18:17:22 E:/Study/Wildcat1u1/gin/gin/bootstrap/db.go:122
[1.034ms] [rows:-] SELECT column_name, column_default, is_nullable = 'YES', data_type, character_maximum_length, column_type, column_key, extra, column_comment, numeric_precision, numeric_scale FROM information_schema.columns WHERE table_schema = 'go_test' AND table_name = 'users' ORDER BY ORDINAL_POSITION

2023/06/22 18:17:22 E:/Study/Wildcat1u1/gin/gin/bootstrap/db.go:122
[0.000ms] [rows:-] SELECT DATABASE()

2023/06/22 18:17:22 E:/Study/Wildcat1u1/gin/gin/bootstrap/db.go:122
[0.519ms] [rows:1] SELECT SCHEMA_NAME from Information_schema.SCHEMATA where SCHEMA_NAME LIKE 'go_test%' ORDER BY SCHEMA_NAME='go_test' DESC,SCHEMA_NAME limit 1

2023/06/22 18:17:22 E:/Study/Wildcat1u1/gin/gin/bootstrap/db.go:122
[1.064ms] [rows:-] SELECT count(*) FROM information_schema.statistics WHERE table_schema = 'go_test' AND table_name = 'users' AND index_name = 'idx_users_mobile'

2023/06/22 18:17:22 E:/Study/Wildcat1u1/gin/gin/bootstrap/db.go:122
[0.523ms] [rows:-] SELECT DATABASE()

2023/06/22 18:17:22 E:/Study/Wildcat1u1/gin/gin/bootstrap/db.go:122
[1.048ms] [rows:1] SELECT SCHEMA_NAME from Information_schema.SCHEMATA where SCHEMA_NAME LIKE 'go_test%' ORDER BY SCHEMA_NAME='go_test' DESC,SCHEMA_NAME limit 1

2023/06/22 18:17:22 E:/Study/Wildcat1u1/gin/gin/bootstrap/db.go:122
[1.041ms] [rows:-] SELECT count(*) FROM information_schema.statistics WHERE table_schema = 'go_test' AND table_name = 'users' AND index_name = 'idx_users_email'

2023/06/22 18:17:22 E:/Study/Wildcat1u1/gin/gin/bootstrap/db.go:122
[0.521ms] [rows:-] SELECT DATABASE()

2023/06/22 18:17:22 E:/Study/Wildcat1u1/gin/gin/bootstrap/db.go:122
[1.048ms] [rows:1] SELECT SCHEMA_NAME from Information_schema.SCHEMATA where SCHEMA_NAME LIKE 'go_test%' ORDER BY SCHEMA_NAME='go_test' DESC,SCHEMA_NAME limit 1

2023/06/22 18:17:22 E:/Study/Wildcat1u1/gin/gin/bootstrap/db.go:122
[1.053ms] [rows:-] SELECT count(*) FROM information_schema.statistics WHERE table_schema = 'go_test' AND table_name = 'users' AND index_name = 'idx_users_deleted_at'

2023/06/22 18:17:57 E:/Study/Wildcat1u1/gin/gin/bootstrap/db.go:122
[0.727ms] [rows:-] SELECT DATABASE()

2023/06/22 18:17:57 E:/Study/Wildcat1u1/gin/gin/bootstrap/db.go:122
[1.555ms] [rows:1] SELECT SCHEMA_NAME from Information_schema.SCHEMATA where SCHEMA_NAME LIKE 'go_test%' ORDER BY SCHEMA_NAME='go_test' DESC,SCHEMA_NAME limit 1

2023/06/22 18:17:57 E:/Study/Wildcat1u1/gin/gin/bootstrap/db.go:122
[1.554ms] [rows:-] SELECT count(*) FROM information_schema.tables WHERE table_schema = 'go_test' AND table_name = 'users' AND table_type = 'BASE TABLE'

2023/06/22 18:17:57 E:/Study/Wildcat1u1/gin/gin/bootstrap/db.go:122
[0.553ms] [rows:-] SELECT DATABASE()

2023/06/22 18:17:57 E:/Study/Wildcat1u1/gin/gin/bootstrap/db.go:122
[1.032ms] [rows:1] SELECT SCHEMA_NAME from Information_schema.SCHEMATA where SCHEMA_NAME LIKE 'go_test%' ORDER BY SCHEMA_NAME='go_test' DESC,SCHEMA_NAME limit 1

2023/06/22 18:17:57 E:/Study/Wildcat1u1/gin/gin/bootstrap/db.go:122
[0.516ms] [rows:-] SELECT * FROM `users` LIMIT 1

2023/06/22 18:17:57 E:/Study/Wildcat1u1/gin/gin/bootstrap/db.go:122
[1.577ms] [rows:-] SELECT column_name, column_default, is_nullable = 'YES', data_type, character_maximum_length, column_type, column_key, extra, column_comment, numeric_precision, numeric_scale FROM information_schema.columns WHERE table_schema = 'go_test' AND table_name = 'users' ORDER BY ORDINAL_POSITION

2023/06/22 18:17:57 E:/Study/Wildcat1u1/gin/gin/bootstrap/db.go:122
[0.523ms] [rows:-] SELECT DATABASE()

2023/06/22 18:17:57 E:/Study/Wildcat1u1/gin/gin/bootstrap/db.go:122
[1.048ms] [rows:1] SELECT SCHEMA_NAME from Information_schema.SCHEMATA where SCHEMA_NAME LIKE 'go_test%' ORDER BY SCHEMA_NAME='go_test' DESC,SCHEMA_NAME limit 1

2023/06/22 18:17:57 E:/Study/Wildcat1u1/gin/gin/bootstrap/db.go:122
[1.598ms] [rows:-] SELECT count(*) FROM information_schema.statistics WHERE table_schema = 'go_test' AND table_name = 'users' AND index_name = 'idx_users_mobile'

2023/06/22 18:17:57 E:/Study/Wildcat1u1/gin/gin/bootstrap/db.go:122
[0.514ms] [rows:-] SELECT DATABASE()

2023/06/22 18:17:57 E:/Study/Wildcat1u1/gin/gin/bootstrap/db.go:122
[1.026ms] [rows:1] SELECT SCHEMA_NAME from Information_schema.SCHEMATA where SCHEMA_NAME LIKE 'go_test%' ORDER BY SCHEMA_NAME='go_test' DESC,SCHEMA_NAME limit 1

2023/06/22 18:17:57 E:/Study/Wildcat1u1/gin/gin/bootstrap/db.go:122
[1.574ms] [rows:-] SELECT count(*) FROM information_schema.statistics WHERE table_schema = 'go_test' AND table_name = 'users' AND index_name = 'idx_users_email'

2023/06/22 18:17:57 E:/Study/Wildcat1u1/gin/gin/bootstrap/db.go:122
[0.517ms] [rows:-] SELECT DATABASE()

2023/06/22 18:17:57 E:/Study/Wildcat1u1/gin/gin/bootstrap/db.go:122
[1.101ms] [rows:1] SELECT SCHEMA_NAME from Information_schema.SCHEMATA where SCHEMA_NAME LIKE 'go_test%' ORDER BY SCHEMA_NAME='go_test' DESC,SCHEMA_NAME limit 1

2023/06/22 18:17:57 E:/Study/Wildcat1u1/gin/gin/bootstrap/db.go:122
[1.021ms] [rows:-] SELECT count(*) FROM information_schema.statistics WHERE table_schema = 'go_test' AND table_name = 'users' AND index_name = 'idx_users_deleted_at'

2023/06/22 18:18:34 E:/Study/Wildcat1u1/gin/gin/bootstrap/db.go:122
[0.531ms] [rows:-] SELECT DATABASE()

2023/06/22 18:18:34 E:/Study/Wildcat1u1/gin/gin/bootstrap/db.go:122
[1.757ms] [rows:1] SELECT SCHEMA_NAME from Information_schema.SCHEMATA where SCHEMA_NAME LIKE 'go_test%' ORDER BY SCHEMA_NAME='go_test' DESC,SCHEMA_NAME limit 1

2023/06/22 18:18:34 E:/Study/Wildcat1u1/gin/gin/bootstrap/db.go:122
[2.085ms] [rows:-] SELECT count(*) FROM information_schema.tables WHERE table_schema = 'go_test' AND table_name = 'users' AND table_type = 'BASE TABLE'

2023/06/22 18:18:34 E:/Study/Wildcat1u1/gin/gin/bootstrap/db.go:122
[0.522ms] [rows:-] SELECT DATABASE()

2023/06/22 18:18:34 E:/Study/Wildcat1u1/gin/gin/bootstrap/db.go:122
[1.027ms] [rows:1] SELECT SCHEMA_NAME from Information_schema.SCHEMATA where SCHEMA_NAME LIKE 'go_test%' ORDER BY SCHEMA_NAME='go_test' DESC,SCHEMA_NAME limit 1

2023/06/22 18:18:34 E:/Study/Wildcat1u1/gin/gin/bootstrap/db.go:122
[0.517ms] [rows:-] SELECT * FROM `users` LIMIT 1

2023/06/22 18:18:34 E:/Study/Wildcat1u1/gin/gin/bootstrap/db.go:122
[1.033ms] [rows:-] SELECT column_name, column_default, is_nullable = 'YES', data_type, character_maximum_length, column_type, column_key, extra, column_comment, numeric_precision, numeric_scale FROM information_schema.columns WHERE table_schema = 'go_test' AND table_name = 'users' ORDER BY ORDINAL_POSITION

2023/06/22 18:18:34 E:/Study/Wildcat1u1/gin/gin/bootstrap/db.go:122
[0.514ms] [rows:-] SELECT DATABASE()

2023/06/22 18:18:34 E:/Study/Wildcat1u1/gin/gin/bootstrap/db.go:122
[1.054ms] [rows:1] SELECT SCHEMA_NAME from Information_schema.SCHEMATA where SCHEMA_NAME LIKE 'go_test%' ORDER BY SCHEMA_NAME='go_test' DESC,SCHEMA_NAME limit 1

2023/06/22 18:18:34 E:/Study/Wildcat1u1/gin/gin/bootstrap/db.go:122
[1.581ms] [rows:-] SELECT count(*) FROM information_schema.statistics WHERE table_schema = 'go_test' AND table_name = 'users' AND index_name = 'idx_users_mobile'

2023/06/22 18:18:34 E:/Study/Wildcat1u1/gin/gin/bootstrap/db.go:122
[0.517ms] [rows:-] SELECT DATABASE()

2023/06/22 18:18:34 E:/Study/Wildcat1u1/gin/gin/bootstrap/db.go:122
[1.053ms] [rows:1] SELECT SCHEMA_NAME from Information_schema.SCHEMATA where SCHEMA_NAME LIKE 'go_test%' ORDER BY SCHEMA_NAME='go_test' DESC,SCHEMA_NAME limit 1

2023/06/22 18:18:34 E:/Study/Wildcat1u1/gin/gin/bootstrap/db.go:122
[1.037ms] [rows:-] SELECT count(*) FROM information_schema.statistics WHERE table_schema = 'go_test' AND table_name = 'users' AND index_name = 'idx_users_email'

2023/06/22 18:18:34 E:/Study/Wildcat1u1/gin/gin/bootstrap/db.go:122
[0.516ms] [rows:-] SELECT DATABASE()

2023/06/22 18:18:34 E:/Study/Wildcat1u1/gin/gin/bootstrap/db.go:122
[1.039ms] [rows:1] SELECT SCHEMA_NAME from Information_schema.SCHEMATA where SCHEMA_NAME LIKE 'go_test%' ORDER BY SCHEMA_NAME='go_test' DESC,SCHEMA_NAME limit 1

2023/06/22 18:18:34 E:/Study/Wildcat1u1/gin/gin/bootstrap/db.go:122
[1.031ms] [rows:-] SELECT count(*) FROM information_schema.statistics WHERE table_schema = 'go_test' AND table_name = 'users' AND index_name = 'idx_users_deleted_at'

2023/06/22 20:27:30 E:/Study/Wildcat1u1/gin/gin/bootstrap/db.go:122
[0.525ms] [rows:-] SELECT DATABASE()

2023/06/22 20:27:30 E:/Study/Wildcat1u1/gin/gin/bootstrap/db.go:122
[1.577ms] [rows:1] SELECT SCHEMA_NAME from Information_schema.SCHEMATA where SCHEMA_NAME LIKE 'go_test%' ORDER BY SCHEMA_NAME='go_test' DESC,SCHEMA_NAME limit 1

2023/06/22 20:27:30 E:/Study/Wildcat1u1/gin/gin/bootstrap/db.go:122
[1.571ms] [rows:-] SELECT count(*) FROM information_schema.tables WHERE table_schema = 'go_test' AND table_name = 'users' AND table_type = 'BASE TABLE'

2023/06/22 20:27:30 E:/Study/Wildcat1u1/gin/gin/bootstrap/db.go:122
[0.000ms] [rows:-] SELECT DATABASE()

2023/06/22 20:27:30 E:/Study/Wildcat1u1/gin/gin/bootstrap/db.go:122
[0.521ms] [rows:1] SELECT SCHEMA_NAME from Information_schema.SCHEMATA where SCHEMA_NAME LIKE 'go_test%' ORDER BY SCHEMA_NAME='go_test' DESC,SCHEMA_NAME limit 1

2023/06/22 20:27:30 E:/Study/Wildcat1u1/gin/gin/bootstrap/db.go:122
[0.522ms] [rows:-] SELECT * FROM `users` LIMIT 1

2023/06/22 20:27:30 E:/Study/Wildcat1u1/gin/gin/bootstrap/db.go:122
[1.572ms] [rows:-] SELECT column_name, column_default, is_nullable = 'YES', data_type, character_maximum_length, column_type, column_key, extra, column_comment, numeric_precision, numeric_scale FROM information_schema.columns WHERE table_schema = 'go_test' AND table_name = 'users' ORDER BY ORDINAL_POSITION

2023/06/22 20:27:30 E:/Study/Wildcat1u1/gin/gin/bootstrap/db.go:122
[0.522ms] [rows:-] SELECT DATABASE()

2023/06/22 20:27:30 E:/Study/Wildcat1u1/gin/gin/bootstrap/db.go:122
[1.041ms] [rows:1] SELECT SCHEMA_NAME from Information_schema.SCHEMATA where SCHEMA_NAME LIKE 'go_test%' ORDER BY SCHEMA_NAME='go_test' DESC,SCHEMA_NAME limit 1

2023/06/22 20:27:30 E:/Study/Wildcat1u1/gin/gin/bootstrap/db.go:122
[1.620ms] [rows:-] SELECT count(*) FROM information_schema.statistics WHERE table_schema = 'go_test' AND table_name = 'users' AND index_name = 'idx_users_mobile'

2023/06/22 20:27:30 E:/Study/Wildcat1u1/gin/gin/bootstrap/db.go:122
[0.527ms] [rows:-] SELECT DATABASE()

2023/06/22 20:27:30 E:/Study/Wildcat1u1/gin/gin/bootstrap/db.go:122
[1.592ms] [rows:1] SELECT SCHEMA_NAME from Information_schema.SCHEMATA where SCHEMA_NAME LIKE 'go_test%' ORDER BY SCHEMA_NAME='go_test' DESC,SCHEMA_NAME limit 1

2023/06/22 20:27:30 E:/Study/Wildcat1u1/gin/gin/bootstrap/db.go:122
[1.554ms] [rows:-] SELECT count(*) FROM information_schema.statistics WHERE table_schema = 'go_test' AND table_name = 'users' AND index_name = 'idx_users_email'

2023/06/22 20:27:30 E:/Study/Wildcat1u1/gin/gin/bootstrap/db.go:122
[0.519ms] [rows:-] SELECT DATABASE()

2023/06/22 20:27:30 E:/Study/Wildcat1u1/gin/gin/bootstrap/db.go:122
[1.041ms] [rows:1] SELECT SCHEMA_NAME from Information_schema.SCHEMATA where SCHEMA_NAME LIKE 'go_test%' ORDER BY SCHEMA_NAME='go_test' DESC,SCHEMA_NAME limit 1

2023/06/22 20:27:30 E:/Study/Wildcat1u1/gin/gin/bootstrap/db.go:122
[1.053ms] [rows:-] SELECT count(*) FROM information_schema.statistics WHERE table_schema = 'go_test' AND table_name = 'users' AND index_name = 'idx_users_deleted_at'

2023/06/22 20:29:47 E:/Study/Wildcat1u1/gin/gin/app/services/user.go:37 record not found
[1.549ms] [rows:0] SELECT `id` FROM `users` WHERE mobile = '17783073950' AND `users`.`deleted_at` IS NULL ORDER BY `users`.`id` LIMIT 1

2023/06/22 20:29:47 E:/Study/Wildcat1u1/gin/gin/app/services/user.go:43
[18.500ms] [rows:1] INSERT INTO `users` (`name`,`password`,`mobile`,`email`,`created_at`,`updated_at`,`deleted_at`) VALUES ('wildcat','$2a$04$Sj.U.7hyRGJiKI0GpaniEOLXImFuuNbJv.2BB/qOjr2JYYDi/l2Mq','17783073950','','2023-06-22 20:29:47.186','2023-06-22 20:29:47.186',NULL)

2023/06/22 20:31:23 E:/Study/Wildcat1u1/gin/gin/app/services/user.go:48
[1.594ms] [rows:1] SELECT * FROM `users` WHERE mobile = '17783073950' AND `users`.`deleted_at` IS NULL ORDER BY `users`.`id` LIMIT 1

2023/06/22 20:31:50 E:/Study/Wildcat1u1/gin/gin/app/services/user.go:90
[2.051ms] [rows:1] SELECT * FROM `users` WHERE `users`.`id` = 1 AND `users`.`deleted_at` IS NULL ORDER BY `users`.`id` LIMIT 1

2023/06/22 20:33:21 E:/Study/Wildcat1u1/gin/gin/app/services/user.go:37
[1.510ms] [rows:1] SELECT `id` FROM `users` WHERE mobile = '17783073950' AND `users`.`deleted_at` IS NULL ORDER BY `users`.`id` LIMIT 1

2023/06/22 20:33:25 E:/Study/Wildcat1u1/gin/gin/app/services/user.go:37 record not found
[3.094ms] [rows:0] SELECT `id` FROM `users` WHERE mobile = '17783073951' AND `users`.`deleted_at` IS NULL ORDER BY `users`.`id` LIMIT 1

2023/06/22 20:33:25 E:/Study/Wildcat1u1/gin/gin/app/services/user.go:43
[13.118ms] [rows:1] INSERT INTO `users` (`name`,`password`,`mobile`,`email`,`created_at`,`updated_at`,`deleted_at`) VALUES ('wildcat','$2a$04$43BvXTdqkI54ZuT9UIiXEOOvtky3JKXRhCjs8gLXYhbzyhyVGCq4C','17783073951','','2023-06-22 20:33:25.682','2023-06-22 20:33:25.682',NULL)

2023/06/22 20:33:42 E:/Study/Wildcat1u1/gin/gin/bootstrap/db.go:122
[0.000ms] [rows:-] SELECT DATABASE()

2023/06/22 20:33:42 E:/Study/Wildcat1u1/gin/gin/bootstrap/db.go:122
[1.030ms] [rows:1] SELECT SCHEMA_NAME from Information_schema.SCHEMATA where SCHEMA_NAME LIKE 'go_test%' ORDER BY SCHEMA_NAME='go_test' DESC,SCHEMA_NAME limit 1

2023/06/22 20:33:42 E:/Study/Wildcat1u1/gin/gin/bootstrap/db.go:122
[1.292ms] [rows:-] SELECT count(*) FROM information_schema.tables WHERE table_schema = 'go_test' AND table_name = 'users' AND table_type = 'BASE TABLE'

2023/06/22 20:33:42 E:/Study/Wildcat1u1/gin/gin/bootstrap/db.go:122
[0.520ms] [rows:-] SELECT DATABASE()

2023/06/22 20:33:42 E:/Study/Wildcat1u1/gin/gin/bootstrap/db.go:122
[1.031ms] [rows:1] SELECT SCHEMA_NAME from Information_schema.SCHEMATA where SCHEMA_NAME LIKE 'go_test%' ORDER BY SCHEMA_NAME='go_test' DESC,SCHEMA_NAME limit 1

2023/06/22 20:33:42 E:/Study/Wildcat1u1/gin/gin/bootstrap/db.go:122
[0.000ms] [rows:-] SELECT * FROM `users` LIMIT 1

2023/06/22 20:33:42 E:/Study/Wildcat1u1/gin/gin/bootstrap/db.go:122
[1.031ms] [rows:-] SELECT column_name, column_default, is_nullable = 'YES', data_type, character_maximum_length, column_type, column_key, extra, column_comment, numeric_precision, numeric_scale FROM information_schema.columns WHERE table_schema = 'go_test' AND table_name = 'users' ORDER BY ORDINAL_POSITION

2023/06/22 20:33:42 E:/Study/Wildcat1u1/gin/gin/bootstrap/db.go:122
[0.544ms] [rows:-] SELECT DATABASE()

2023/06/22 20:33:42 E:/Study/Wildcat1u1/gin/gin/bootstrap/db.go:122
[0.515ms] [rows:1] SELECT SCHEMA_NAME from Information_schema.SCHEMATA where SCHEMA_NAME LIKE 'go_test%' ORDER BY SCHEMA_NAME='go_test' DESC,SCHEMA_NAME limit 1

2023/06/22 20:33:42 E:/Study/Wildcat1u1/gin/gin/bootstrap/db.go:122
[1.030ms] [rows:-] SELECT count(*) FROM information_schema.statistics WHERE table_schema = 'go_test' AND table_name = 'users' AND index_name = 'idx_users_mobile'

2023/06/22 20:33:42 E:/Study/Wildcat1u1/gin/gin/bootstrap/db.go:122
[0.000ms] [rows:-] SELECT DATABASE()

2023/06/22 20:33:42 E:/Study/Wildcat1u1/gin/gin/bootstrap/db.go:122
[1.033ms] [rows:1] SELECT SCHEMA_NAME from Information_schema.SCHEMATA where SCHEMA_NAME LIKE 'go_test%' ORDER BY SCHEMA_NAME='go_test' DESC,SCHEMA_NAME limit 1

2023/06/22 20:33:42 E:/Study/Wildcat1u1/gin/gin/bootstrap/db.go:122
[1.049ms] [rows:-] SELECT count(*) FROM information_schema.statistics WHERE table_schema = 'go_test' AND table_name = 'users' AND index_name = 'idx_users_email'

2023/06/22 20:33:42 E:/Study/Wildcat1u1/gin/gin/bootstrap/db.go:122
[0.000ms] [rows:-] SELECT DATABASE()

2023/06/22 20:33:42 E:/Study/Wildcat1u1/gin/gin/bootstrap/db.go:122
[1.036ms] [rows:1] SELECT SCHEMA_NAME from Information_schema.SCHEMATA where SCHEMA_NAME LIKE 'go_test%' ORDER BY SCHEMA_NAME='go_test' DESC,SCHEMA_NAME limit 1

2023/06/22 20:33:42 E:/Study/Wildcat1u1/gin/gin/bootstrap/db.go:122
[1.029ms] [rows:-] SELECT count(*) FROM information_schema.statistics WHERE table_schema = 'go_test' AND table_name = 'users' AND index_name = 'idx_users_deleted_at'

2023/06/22 20:35:19 E:/Study/Wildcat1u1/gin/gin/app/services/user.go:37 record not found
[1.424ms] [rows:0] SELECT `id` FROM `users` WHERE mobile = '17783073950' AND `users`.`deleted_at` IS NULL ORDER BY `users`.`id` LIMIT 1

2023/06/22 20:35:19 E:/Study/Wildcat1u1/gin/gin/app/services/user.go:43
[35.266ms] [rows:1] INSERT INTO `users` (`name`,`password`,`mobile`,`email`,`created_at`,`updated_at`,`deleted_at`) VALUES ('wildcat','$2a$04$yVT4sJvXNcvbqj0FOoxjWu4t849kLhWwU/RC7sCFCCbuWGhEzeki.','17783073950','2443133871@qq.com','2023-06-22 20:35:19.268','2023-06-22 20:35:19.268',NULL)

2023/06/22 20:35:58 E:/Study/Wildcat1u1/gin/gin/app/services/user.go:48
[1.510ms] [rows:1] SELECT * FROM `users` WHERE mobile = '17783073950' AND `users`.`deleted_at` IS NULL ORDER BY `users`.`id` LIMIT 1

2023/06/22 20:36:05 E:/Study/Wildcat1u1/gin/gin/app/services/user.go:48
[1.171ms] [rows:1] SELECT * FROM `users` WHERE mobile = '17783073950' AND `users`.`deleted_at` IS NULL ORDER BY `users`.`id` LIMIT 1

2023/06/22 20:36:12 E:/Study/Wildcat1u1/gin/gin/app/services/user.go:90
[2.548ms] [rows:1] SELECT * FROM `users` WHERE `users`.`id` = 3 AND `users`.`deleted_at` IS NULL ORDER BY `users`.`id` LIMIT 1

2023/06/22 20:46:41 E:/Study/Wildcat1u1/gin/gin/bootstrap/db.go:122
[0.515ms] [rows:-] SELECT DATABASE()

2023/06/22 20:46:41 E:/Study/Wildcat1u1/gin/gin/bootstrap/db.go:122
[1.546ms] [rows:1] SELECT SCHEMA_NAME from Information_schema.SCHEMATA where SCHEMA_NAME LIKE 'go_test%' ORDER BY SCHEMA_NAME='go_test' DESC,SCHEMA_NAME limit 1

2023/06/22 20:46:41 E:/Study/Wildcat1u1/gin/gin/bootstrap/db.go:122
[1.586ms] [rows:-] SELECT count(*) FROM information_schema.tables WHERE table_schema = 'go_test' AND table_name = 'users' AND table_type = 'BASE TABLE'

2023/06/22 20:46:41 E:/Study/Wildcat1u1/gin/gin/bootstrap/db.go:122
[0.524ms] [rows:-] SELECT DATABASE()

2023/06/22 20:46:41 E:/Study/Wildcat1u1/gin/gin/bootstrap/db.go:122
[1.555ms] [rows:1] SELECT SCHEMA_NAME from Information_schema.SCHEMATA where SCHEMA_NAME LIKE 'go_test%' ORDER BY SCHEMA_NAME='go_test' DESC,SCHEMA_NAME limit 1

2023/06/22 20:46:41 E:/Study/Wildcat1u1/gin/gin/bootstrap/db.go:122
[0.528ms] [rows:-] SELECT * FROM `users` LIMIT 1

2023/06/22 20:46:41 E:/Study/Wildcat1u1/gin/gin/bootstrap/db.go:122
[4.542ms] [rows:-] SELECT column_name, column_default, is_nullable = 'YES', data_type, character_maximum_length, column_type, column_key, extra, column_comment, numeric_precision, numeric_scale FROM information_schema.columns WHERE table_schema = 'go_test' AND table_name = 'users' ORDER BY ORDINAL_POSITION

2023/06/22 20:46:41 E:/Study/Wildcat1u1/gin/gin/bootstrap/db.go:122
[1.131ms] [rows:-] SELECT DATABASE()

2023/06/22 20:46:41 E:/Study/Wildcat1u1/gin/gin/bootstrap/db.go:122
[1.040ms] [rows:1] SELECT SCHEMA_NAME from Information_schema.SCHEMATA where SCHEMA_NAME LIKE 'go_test%' ORDER BY SCHEMA_NAME='go_test' DESC,SCHEMA_NAME limit 1

2023/06/22 20:46:41 E:/Study/Wildcat1u1/gin/gin/bootstrap/db.go:122
[1.037ms] [rows:-] SELECT count(*) FROM information_schema.statistics WHERE table_schema = 'go_test' AND table_name = 'users' AND index_name = 'idx_users_mobile'

2023/06/22 20:46:41 E:/Study/Wildcat1u1/gin/gin/bootstrap/db.go:122
[0.000ms] [rows:-] SELECT DATABASE()

2023/06/22 20:46:41 E:/Study/Wildcat1u1/gin/gin/bootstrap/db.go:122
[1.042ms] [rows:1] SELECT SCHEMA_NAME from Information_schema.SCHEMATA where SCHEMA_NAME LIKE 'go_test%' ORDER BY SCHEMA_NAME='go_test' DESC,SCHEMA_NAME limit 1

2023/06/22 20:46:41 E:/Study/Wildcat1u1/gin/gin/bootstrap/db.go:122
[1.133ms] [rows:-] SELECT count(*) FROM information_schema.statistics WHERE table_schema = 'go_test' AND table_name = 'users' AND index_name = 'idx_users_email'

2023/06/22 20:46:41 E:/Study/Wildcat1u1/gin/gin/bootstrap/db.go:122
[0.510ms] [rows:-] SELECT DATABASE()

2023/06/22 20:46:41 E:/Study/Wildcat1u1/gin/gin/bootstrap/db.go:122
[1.032ms] [rows:1] SELECT SCHEMA_NAME from Information_schema.SCHEMATA where SCHEMA_NAME LIKE 'go_test%' ORDER BY SCHEMA_NAME='go_test' DESC,SCHEMA_NAME limit 1

2023/06/22 20:46:41 E:/Study/Wildcat1u1/gin/gin/bootstrap/db.go:122
[1.042ms] [rows:-] SELECT count(*) FROM information_schema.statistics WHERE table_schema = 'go_test' AND table_name = 'users' AND index_name = 'idx_users_deleted_at'

2023/06/23 00:12:38 E:/Study/Wildcat1u1/gin/gin/bootstrap/db.go:99
[error] failed to initialize database, got error dial tcp 127.0.0.1:3306: connectex: No connection could be made because the target machine actively refused it.

2023/06/23 00:14:03 E:/Study/Wildcat1u1/gin/gin/bootstrap/db.go:122
[1.059ms] [rows:-] SELECT DATABASE()

2023/06/23 00:14:03 E:/Study/Wildcat1u1/gin/gin/bootstrap/db.go:122
[3.601ms] [rows:1] SELECT SCHEMA_NAME from Information_schema.SCHEMATA where SCHEMA_NAME LIKE 'go_test%' ORDER BY SCHEMA_NAME='go_test' DESC,SCHEMA_NAME limit 1

2023/06/23 00:14:03 E:/Study/Wildcat1u1/gin/gin/bootstrap/db.go:122
[2.039ms] [rows:-] SELECT count(*) FROM information_schema.tables WHERE table_schema = 'go_test' AND table_name = 'users' AND table_type = 'BASE TABLE'

2023/06/23 00:14:03 E:/Study/Wildcat1u1/gin/gin/bootstrap/db.go:122
[0.000ms] [rows:-] SELECT DATABASE()

2023/06/23 00:14:03 E:/Study/Wildcat1u1/gin/gin/bootstrap/db.go:122
[1.034ms] [rows:1] SELECT SCHEMA_NAME from Information_schema.SCHEMATA where SCHEMA_NAME LIKE 'go_test%' ORDER BY SCHEMA_NAME='go_test' DESC,SCHEMA_NAME limit 1

2023/06/23 00:14:03 E:/Study/Wildcat1u1/gin/gin/bootstrap/db.go:122
[2.569ms] [rows:-] SELECT * FROM `users` LIMIT 1

2023/06/23 00:14:03 E:/Study/Wildcat1u1/gin/gin/bootstrap/db.go:122
[1.548ms] [rows:-] SELECT column_name, column_default, is_nullable = 'YES', data_type, character_maximum_length, column_type, column_key, extra, column_comment, numeric_precision, numeric_scale FROM information_schema.columns WHERE table_schema = 'go_test' AND table_name = 'users' ORDER BY ORDINAL_POSITION

2023/06/23 00:14:03 E:/Study/Wildcat1u1/gin/gin/bootstrap/db.go:122
[0.000ms] [rows:-] SELECT DATABASE()

2023/06/23 00:14:03 E:/Study/Wildcat1u1/gin/gin/bootstrap/db.go:122
[1.026ms] [rows:1] SELECT SCHEMA_NAME from Information_schema.SCHEMATA where SCHEMA_NAME LIKE 'go_test%' ORDER BY SCHEMA_NAME='go_test' DESC,SCHEMA_NAME limit 1

2023/06/23 00:14:03 E:/Study/Wildcat1u1/gin/gin/bootstrap/db.go:122
[1.552ms] [rows:-] SELECT count(*) FROM information_schema.statistics WHERE table_schema = 'go_test' AND table_name = 'users' AND index_name = 'idx_users_mobile'

2023/06/23 00:14:03 E:/Study/Wildcat1u1/gin/gin/bootstrap/db.go:122
[0.507ms] [rows:-] SELECT DATABASE()

2023/06/23 00:14:03 E:/Study/Wildcat1u1/gin/gin/bootstrap/db.go:122
[1.034ms] [rows:1] SELECT SCHEMA_NAME from Information_schema.SCHEMATA where SCHEMA_NAME LIKE 'go_test%' ORDER BY SCHEMA_NAME='go_test' DESC,SCHEMA_NAME limit 1

2023/06/23 00:14:03 E:/Study/Wildcat1u1/gin/gin/bootstrap/db.go:122
[1.028ms] [rows:-] SELECT count(*) FROM information_schema.statistics WHERE table_schema = 'go_test' AND table_name = 'users' AND index_name = 'idx_users_email'

2023/06/23 00:14:03 E:/Study/Wildcat1u1/gin/gin/bootstrap/db.go:122
[0.514ms] [rows:-] SELECT DATABASE()

2023/06/23 00:14:03 E:/Study/Wildcat1u1/gin/gin/bootstrap/db.go:122
[1.030ms] [rows:1] SELECT SCHEMA_NAME from Information_schema.SCHEMATA where SCHEMA_NAME LIKE 'go_test%' ORDER BY SCHEMA_NAME='go_test' DESC,SCHEMA_NAME limit 1

2023/06/23 00:14:03 E:/Study/Wildcat1u1/gin/gin/bootstrap/db.go:122
[1.028ms] [rows:-] SELECT count(*) FROM information_schema.statistics WHERE table_schema = 'go_test' AND table_name = 'users' AND index_name = 'idx_users_deleted_at'

2023/06/23 00:47:23 E:/Study/Wildcat1u1/gin/gin/bootstrap/db.go:122
[0.516ms] [rows:-] SELECT DATABASE()

2023/06/23 00:47:23 E:/Study/Wildcat1u1/gin/gin/bootstrap/db.go:122
[1.026ms] [rows:1] SELECT SCHEMA_NAME from Information_schema.SCHEMATA where SCHEMA_NAME LIKE 'go_test%' ORDER BY SCHEMA_NAME='go_test' DESC,SCHEMA_NAME limit 1

2023/06/23 00:47:23 E:/Study/Wildcat1u1/gin/gin/bootstrap/db.go:122
[1.034ms] [rows:-] SELECT count(*) FROM information_schema.tables WHERE table_schema = 'go_test' AND table_name = 'users' AND table_type = 'BASE TABLE'

2023/06/23 00:47:23 E:/Study/Wildcat1u1/gin/gin/bootstrap/db.go:122
[0.000ms] [rows:-] SELECT DATABASE()

2023/06/23 00:47:23 E:/Study/Wildcat1u1/gin/gin/bootstrap/db.go:122
[1.038ms] [rows:1] SELECT SCHEMA_NAME from Information_schema.SCHEMATA where SCHEMA_NAME LIKE 'go_test%' ORDER BY SCHEMA_NAME='go_test' DESC,SCHEMA_NAME limit 1

2023/06/23 00:47:23 E:/Study/Wildcat1u1/gin/gin/bootstrap/db.go:122
[0.519ms] [rows:-] SELECT * FROM `users` LIMIT 1

2023/06/23 00:47:23 E:/Study/Wildcat1u1/gin/gin/bootstrap/db.go:122
[1.542ms] [rows:-] SELECT column_name, column_default, is_nullable = 'YES', data_type, character_maximum_length, column_type, column_key, extra, column_comment, numeric_precision, numeric_scale FROM information_schema.columns WHERE table_schema = 'go_test' AND table_name = 'users' ORDER BY ORDINAL_POSITION

2023/06/23 00:47:23 E:/Study/Wildcat1u1/gin/gin/bootstrap/db.go:122
[0.551ms] [rows:-] SELECT DATABASE()

2023/06/23 00:47:23 E:/Study/Wildcat1u1/gin/gin/bootstrap/db.go:122
[1.053ms] [rows:1] SELECT SCHEMA_NAME from Information_schema.SCHEMATA where SCHEMA_NAME LIKE 'go_test%' ORDER BY SCHEMA_NAME='go_test' DESC,SCHEMA_NAME limit 1

2023/06/23 00:47:23 E:/Study/Wildcat1u1/gin/gin/bootstrap/db.go:122
[1.029ms] [rows:-] SELECT count(*) FROM information_schema.statistics WHERE table_schema = 'go_test' AND table_name = 'users' AND index_name = 'idx_users_mobile'

2023/06/23 00:47:23 E:/Study/Wildcat1u1/gin/gin/bootstrap/db.go:122
[0.513ms] [rows:-] SELECT DATABASE()

2023/06/23 00:47:23 E:/Study/Wildcat1u1/gin/gin/bootstrap/db.go:122
[1.369ms] [rows:1] SELECT SCHEMA_NAME from Information_schema.SCHEMATA where SCHEMA_NAME LIKE 'go_test%' ORDER BY SCHEMA_NAME='go_test' DESC,SCHEMA_NAME limit 1

2023/06/23 00:47:23 E:/Study/Wildcat1u1/gin/gin/bootstrap/db.go:122
[1.028ms] [rows:-] SELECT count(*) FROM information_schema.statistics WHERE table_schema = 'go_test' AND table_name = 'users' AND index_name = 'idx_users_email'

2023/06/23 00:47:23 E:/Study/Wildcat1u1/gin/gin/bootstrap/db.go:122
[0.521ms] [rows:-] SELECT DATABASE()

2023/06/23 00:47:23 E:/Study/Wildcat1u1/gin/gin/bootstrap/db.go:122
[1.039ms] [rows:1] SELECT SCHEMA_NAME from Information_schema.SCHEMATA where SCHEMA_NAME LIKE 'go_test%' ORDER BY SCHEMA_NAME='go_test' DESC,SCHEMA_NAME limit 1

2023/06/23 00:47:23 E:/Study/Wildcat1u1/gin/gin/bootstrap/db.go:122
[1.030ms] [rows:-] SELECT count(*) FROM information_schema.statistics WHERE table_schema = 'go_test' AND table_name = 'users' AND index_name = 'idx_users_deleted_at'

2023/06/23 00:49:22 E:/Study/Wildcat1u1/gin/gin/app/services/user.go:48
[1.448ms] [rows:1] SELECT * FROM `users` WHERE mobile = '17783073950' AND `users`.`deleted_at` IS NULL ORDER BY `users`.`id` LIMIT 1

2023/06/23 01:03:10 E:/Study/Wildcat1u1/gin/gin/bootstrap/db.go:122
[0.000ms] [rows:-] SELECT DATABASE()

2023/06/23 01:03:10 E:/Study/Wildcat1u1/gin/gin/bootstrap/db.go:122
[1.027ms] [rows:1] SELECT SCHEMA_NAME from Information_schema.SCHEMATA where SCHEMA_NAME LIKE 'go_test%' ORDER BY SCHEMA_NAME='go_test' DESC,SCHEMA_NAME limit 1

2023/06/23 01:03:10 E:/Study/Wildcat1u1/gin/gin/bootstrap/db.go:122
[1.548ms] [rows:-] SELECT count(*) FROM information_schema.tables WHERE table_schema = 'go_test' AND table_name = 'users' AND table_type = 'BASE TABLE'

2023/06/23 01:03:10 E:/Study/Wildcat1u1/gin/gin/bootstrap/db.go:122
[0.516ms] [rows:-] SELECT DATABASE()

2023/06/23 01:03:10 E:/Study/Wildcat1u1/gin/gin/bootstrap/db.go:122
[1.048ms] [rows:1] SELECT SCHEMA_NAME from Information_schema.SCHEMATA where SCHEMA_NAME LIKE 'go_test%' ORDER BY SCHEMA_NAME='go_test' DESC,SCHEMA_NAME limit 1

2023/06/23 01:03:10 E:/Study/Wildcat1u1/gin/gin/bootstrap/db.go:122
[0.785ms] [rows:-] SELECT * FROM `users` LIMIT 1

2023/06/23 01:03:10 E:/Study/Wildcat1u1/gin/gin/bootstrap/db.go:122
[1.575ms] [rows:-] SELECT column_name, column_default, is_nullable = 'YES', data_type, character_maximum_length, column_type, column_key, extra, column_comment, numeric_precision, numeric_scale FROM information_schema.columns WHERE table_schema = 'go_test' AND table_name = 'users' ORDER BY ORDINAL_POSITION

2023/06/23 01:03:10 E:/Study/Wildcat1u1/gin/gin/bootstrap/db.go:122
[0.519ms] [rows:-] SELECT DATABASE()

2023/06/23 01:03:10 E:/Study/Wildcat1u1/gin/gin/bootstrap/db.go:122
[1.024ms] [rows:1] SELECT SCHEMA_NAME from Information_schema.SCHEMATA where SCHEMA_NAME LIKE 'go_test%' ORDER BY SCHEMA_NAME='go_test' DESC,SCHEMA_NAME limit 1

2023/06/23 01:03:10 E:/Study/Wildcat1u1/gin/gin/bootstrap/db.go:122
[1.032ms] [rows:-] SELECT count(*) FROM information_schema.statistics WHERE table_schema = 'go_test' AND table_name = 'users' AND index_name = 'idx_users_mobile'

2023/06/23 01:03:10 E:/Study/Wildcat1u1/gin/gin/bootstrap/db.go:122
[0.510ms] [rows:-] SELECT DATABASE()

2023/06/23 01:03:10 E:/Study/Wildcat1u1/gin/gin/bootstrap/db.go:122
[1.032ms] [rows:1] SELECT SCHEMA_NAME from Information_schema.SCHEMATA where SCHEMA_NAME LIKE 'go_test%' ORDER BY SCHEMA_NAME='go_test' DESC,SCHEMA_NAME limit 1

2023/06/23 01:03:10 E:/Study/Wildcat1u1/gin/gin/bootstrap/db.go:122
[1.026ms] [rows:-] SELECT count(*) FROM information_schema.statistics WHERE table_schema = 'go_test' AND table_name = 'users' AND index_name = 'idx_users_email'

2023/06/23 01:03:10 E:/Study/Wildcat1u1/gin/gin/bootstrap/db.go:122
[0.000ms] [rows:-] SELECT DATABASE()

2023/06/23 01:03:10 E:/Study/Wildcat1u1/gin/gin/bootstrap/db.go:122
[1.030ms] [rows:1] SELECT SCHEMA_NAME from Information_schema.SCHEMATA where SCHEMA_NAME LIKE 'go_test%' ORDER BY SCHEMA_NAME='go_test' DESC,SCHEMA_NAME limit 1

2023/06/23 01:03:10 E:/Study/Wildcat1u1/gin/gin/bootstrap/db.go:122
[1.027ms] [rows:-] SELECT count(*) FROM information_schema.statistics WHERE table_schema = 'go_test' AND table_name = 'users' AND index_name = 'idx_users_deleted_at'

2023/06/23 01:04:36 E:/Study/Wildcat1u1/gin/gin/bootstrap/db.go:122
[0.530ms] [rows:-] SELECT DATABASE()

2023/06/23 01:04:36 E:/Study/Wildcat1u1/gin/gin/bootstrap/db.go:122
[1.032ms] [rows:1] SELECT SCHEMA_NAME from Information_schema.SCHEMATA where SCHEMA_NAME LIKE 'go_test%' ORDER BY SCHEMA_NAME='go_test' DESC,SCHEMA_NAME limit 1

2023/06/23 01:04:36 E:/Study/Wildcat1u1/gin/gin/bootstrap/db.go:122
[1.562ms] [rows:-] SELECT count(*) FROM information_schema.tables WHERE table_schema = 'go_test' AND table_name = 'users' AND table_type = 'BASE TABLE'

2023/06/23 01:04:36 E:/Study/Wildcat1u1/gin/gin/bootstrap/db.go:122
[0.518ms] [rows:-] SELECT DATABASE()

2023/06/23 01:04:36 E:/Study/Wildcat1u1/gin/gin/bootstrap/db.go:122
[1.038ms] [rows:1] SELECT SCHEMA_NAME from Information_schema.SCHEMATA where SCHEMA_NAME LIKE 'go_test%' ORDER BY SCHEMA_NAME='go_test' DESC,SCHEMA_NAME limit 1

2023/06/23 01:04:36 E:/Study/Wildcat1u1/gin/gin/bootstrap/db.go:122
[0.514ms] [rows:-] SELECT * FROM `users` LIMIT 1

2023/06/23 01:04:36 E:/Study/Wildcat1u1/gin/gin/bootstrap/db.go:122
[1.028ms] [rows:-] SELECT column_name, column_default, is_nullable = 'YES', data_type, character_maximum_length, column_type, column_key, extra, column_comment, numeric_precision, numeric_scale FROM information_schema.columns WHERE table_schema = 'go_test' AND table_name = 'users' ORDER BY ORDINAL_POSITION

2023/06/23 01:04:36 E:/Study/Wildcat1u1/gin/gin/bootstrap/db.go:122
[0.000ms] [rows:-] SELECT DATABASE()

2023/06/23 01:04:36 E:/Study/Wildcat1u1/gin/gin/bootstrap/db.go:122
[1.029ms] [rows:1] SELECT SCHEMA_NAME from Information_schema.SCHEMATA where SCHEMA_NAME LIKE 'go_test%' ORDER BY SCHEMA_NAME='go_test' DESC,SCHEMA_NAME limit 1

2023/06/23 01:04:36 E:/Study/Wildcat1u1/gin/gin/bootstrap/db.go:122
[1.032ms] [rows:-] SELECT count(*) FROM information_schema.statistics WHERE table_schema = 'go_test' AND table_name = 'users' AND index_name = 'idx_users_deleted_at'

2023/06/23 01:04:36 E:/Study/Wildcat1u1/gin/gin/bootstrap/db.go:122
[0.521ms] [rows:-] SELECT DATABASE()

2023/06/23 01:04:36 E:/Study/Wildcat1u1/gin/gin/bootstrap/db.go:122
[1.048ms] [rows:1] SELECT SCHEMA_NAME from Information_schema.SCHEMATA where SCHEMA_NAME LIKE 'go_test%' ORDER BY SCHEMA_NAME='go_test' DESC,SCHEMA_NAME limit 1

2023/06/23 01:04:36 E:/Study/Wildcat1u1/gin/gin/bootstrap/db.go:122
[1.031ms] [rows:-] SELECT count(*) FROM information_schema.statistics WHERE table_schema = 'go_test' AND table_name = 'users' AND index_name = 'idx_users_mobile'

2023/06/23 01:04:36 E:/Study/Wildcat1u1/gin/gin/bootstrap/db.go:122
[0.565ms] [rows:-] SELECT DATABASE()

2023/06/23 01:04:36 E:/Study/Wildcat1u1/gin/gin/bootstrap/db.go:122
[1.019ms] [rows:1] SELECT SCHEMA_NAME from Information_schema.SCHEMATA where SCHEMA_NAME LIKE 'go_test%' ORDER BY SCHEMA_NAME='go_test' DESC,SCHEMA_NAME limit 1

2023/06/23 01:04:36 E:/Study/Wildcat1u1/gin/gin/bootstrap/db.go:122
[1.133ms] [rows:-] SELECT count(*) FROM information_schema.statistics WHERE table_schema = 'go_test' AND table_name = 'users' AND index_name = 'idx_users_email'

2023/06/23 01:06:25 E:/Study/Wildcat1u1/gin/gin/app/services/user.go:48
[1.374ms] [rows:1] SELECT * FROM `users` WHERE mobile = '17783073950' AND `users`.`deleted_at` IS NULL ORDER BY `users`.`id` LIMIT 1

2023/06/23 01:09:53 E:/Study/Wildcat1u1/gin/gin/bootstrap/db.go:122
[0.514ms] [rows:-] SELECT DATABASE()

2023/06/23 01:09:53 E:/Study/Wildcat1u1/gin/gin/bootstrap/db.go:122
[1.033ms] [rows:1] SELECT SCHEMA_NAME from Information_schema.SCHEMATA where SCHEMA_NAME LIKE 'go_test%' ORDER BY SCHEMA_NAME='go_test' DESC,SCHEMA_NAME limit 1

2023/06/23 01:09:53 E:/Study/Wildcat1u1/gin/gin/bootstrap/db.go:122
[1.034ms] [rows:-] SELECT count(*) FROM information_schema.tables WHERE table_schema = 'go_test' AND table_name = 'users' AND table_type = 'BASE TABLE'

2023/06/23 01:09:53 E:/Study/Wildcat1u1/gin/gin/bootstrap/db.go:122
[0.514ms] [rows:-] SELECT DATABASE()

2023/06/23 01:09:53 E:/Study/Wildcat1u1/gin/gin/bootstrap/db.go:122
[1.039ms] [rows:1] SELECT SCHEMA_NAME from Information_schema.SCHEMATA where SCHEMA_NAME LIKE 'go_test%' ORDER BY SCHEMA_NAME='go_test' DESC,SCHEMA_NAME limit 1

2023/06/23 01:09:53 E:/Study/Wildcat1u1/gin/gin/bootstrap/db.go:122
[0.522ms] [rows:-] SELECT * FROM `users` LIMIT 1

2023/06/23 01:09:53 E:/Study/Wildcat1u1/gin/gin/bootstrap/db.go:122
[1.550ms] [rows:-] SELECT column_name, column_default, is_nullable = 'YES', data_type, character_maximum_length, column_type, column_key, extra, column_comment, numeric_precision, numeric_scale FROM information_schema.columns WHERE table_schema = 'go_test' AND table_name = 'users' ORDER BY ORDINAL_POSITION

2023/06/23 01:09:53 E:/Study/Wildcat1u1/gin/gin/bootstrap/db.go:122
[0.513ms] [rows:-] SELECT DATABASE()

2023/06/23 01:09:53 E:/Study/Wildcat1u1/gin/gin/bootstrap/db.go:122
[1.035ms] [rows:1] SELECT SCHEMA_NAME from Information_schema.SCHEMATA where SCHEMA_NAME LIKE 'go_test%' ORDER BY SCHEMA_NAME='go_test' DESC,SCHEMA_NAME limit 1

2023/06/23 01:09:53 E:/Study/Wildcat1u1/gin/gin/bootstrap/db.go:122
[1.036ms] [rows:-] SELECT count(*) FROM information_schema.statistics WHERE table_schema = 'go_test' AND table_name = 'users' AND index_name = 'idx_users_mobile'

2023/06/23 01:09:53 E:/Study/Wildcat1u1/gin/gin/bootstrap/db.go:122
[0.516ms] [rows:-] SELECT DATABASE()

2023/06/23 01:09:53 E:/Study/Wildcat1u1/gin/gin/bootstrap/db.go:122
[0.518ms] [rows:1] SELECT SCHEMA_NAME from Information_schema.SCHEMATA where SCHEMA_NAME LIKE 'go_test%' ORDER BY SCHEMA_NAME='go_test' DESC,SCHEMA_NAME limit 1

2023/06/23 01:09:53 E:/Study/Wildcat1u1/gin/gin/bootstrap/db.go:122
[1.548ms] [rows:-] SELECT count(*) FROM information_schema.statistics WHERE table_schema = 'go_test' AND table_name = 'users' AND index_name = 'idx_users_email'

2023/06/23 01:09:53 E:/Study/Wildcat1u1/gin/gin/bootstrap/db.go:122
[0.000ms] [rows:-] SELECT DATABASE()

2023/06/23 01:09:53 E:/Study/Wildcat1u1/gin/gin/bootstrap/db.go:122
[0.513ms] [rows:1] SELECT SCHEMA_NAME from Information_schema.SCHEMATA where SCHEMA_NAME LIKE 'go_test%' ORDER BY SCHEMA_NAME='go_test' DESC,SCHEMA_NAME limit 1

2023/06/23 01:09:53 E:/Study/Wildcat1u1/gin/gin/bootstrap/db.go:122
[1.034ms] [rows:-] SELECT count(*) FROM information_schema.statistics WHERE table_schema = 'go_test' AND table_name = 'users' AND index_name = 'idx_users_deleted_at'

2023/06/23 01:11:00 E:/Study/Wildcat1u1/gin/gin/app/services/user.go:48
[1.396ms] [rows:1] SELECT * FROM `users` WHERE mobile = '17783073950' AND `users`.`deleted_at` IS NULL ORDER BY `users`.`id` LIMIT 1

2023/06/23 11:16:08 E:/Study/Wildcat1u1/gin/gin/bootstrap/db.go:122
[0.534ms] [rows:-] SELECT DATABASE()

2023/06/23 11:16:08 E:/Study/Wildcat1u1/gin/gin/bootstrap/db.go:122
[2.624ms] [rows:1] SELECT SCHEMA_NAME from Information_schema.SCHEMATA where SCHEMA_NAME LIKE 'go_test%' ORDER BY SCHEMA_NAME='go_test' DESC,SCHEMA_NAME limit 1

2023/06/23 11:16:08 E:/Study/Wildcat1u1/gin/gin/bootstrap/db.go:122
[1.761ms] [rows:-] SELECT count(*) FROM information_schema.tables WHERE table_schema = 'go_test' AND table_name = 'users' AND table_type = 'BASE TABLE'

2023/06/23 11:16:08 E:/Study/Wildcat1u1/gin/gin/bootstrap/db.go:122
[0.510ms] [rows:-] SELECT DATABASE()

2023/06/23 11:16:08 E:/Study/Wildcat1u1/gin/gin/bootstrap/db.go:122
[1.052ms] [rows:1] SELECT SCHEMA_NAME from Information_schema.SCHEMATA where SCHEMA_NAME LIKE 'go_test%' ORDER BY SCHEMA_NAME='go_test' DESC,SCHEMA_NAME limit 1

2023/06/23 11:16:08 E:/Study/Wildcat1u1/gin/gin/bootstrap/db.go:122
[4.026ms] [rows:-] SELECT * FROM `users` LIMIT 1

2023/06/23 11:16:08 E:/Study/Wildcat1u1/gin/gin/bootstrap/db.go:122
[1.560ms] [rows:-] SELECT column_name, column_default, is_nullable = 'YES', data_type, character_maximum_length, column_type, column_key, extra, column_comment, numeric_precision, numeric_scale FROM information_schema.columns WHERE table_schema = 'go_test' AND table_name = 'users' ORDER BY ORDINAL_POSITION

2023/06/23 11:16:08 E:/Study/Wildcat1u1/gin/gin/bootstrap/db.go:122
[0.520ms] [rows:-] SELECT DATABASE()

2023/06/23 11:16:08 E:/Study/Wildcat1u1/gin/gin/bootstrap/db.go:122
[1.483ms] [rows:1] SELECT SCHEMA_NAME from Information_schema.SCHEMATA where SCHEMA_NAME LIKE 'go_test%' ORDER BY SCHEMA_NAME='go_test' DESC,SCHEMA_NAME limit 1

2023/06/23 11:16:08 E:/Study/Wildcat1u1/gin/gin/bootstrap/db.go:122
[1.697ms] [rows:-] SELECT count(*) FROM information_schema.statistics WHERE table_schema = 'go_test' AND table_name = 'users' AND index_name = 'idx_users_mobile'

2023/06/23 11:16:08 E:/Study/Wildcat1u1/gin/gin/bootstrap/db.go:122
[0.750ms] [rows:-] SELECT DATABASE()

2023/06/23 11:16:08 E:/Study/Wildcat1u1/gin/gin/bootstrap/db.go:122
[1.028ms] [rows:1] SELECT SCHEMA_NAME from Information_schema.SCHEMATA where SCHEMA_NAME LIKE 'go_test%' ORDER BY SCHEMA_NAME='go_test' DESC,SCHEMA_NAME limit 1

2023/06/23 11:16:08 E:/Study/Wildcat1u1/gin/gin/bootstrap/db.go:122
[1.081ms] [rows:-] SELECT count(*) FROM information_schema.statistics WHERE table_schema = 'go_test' AND table_name = 'users' AND index_name = 'idx_users_email'

2023/06/23 11:16:08 E:/Study/Wildcat1u1/gin/gin/bootstrap/db.go:122
[0.531ms] [rows:-] SELECT DATABASE()

2023/06/23 11:16:08 E:/Study/Wildcat1u1/gin/gin/bootstrap/db.go:122
[1.044ms] [rows:1] SELECT SCHEMA_NAME from Information_schema.SCHEMATA where SCHEMA_NAME LIKE 'go_test%' ORDER BY SCHEMA_NAME='go_test' DESC,SCHEMA_NAME limit 1

2023/06/23 11:16:08 E:/Study/Wildcat1u1/gin/gin/bootstrap/db.go:122
[1.696ms] [rows:-] SELECT count(*) FROM information_schema.statistics WHERE table_schema = 'go_test' AND table_name = 'users' AND index_name = 'idx_users_deleted_at'

2023/06/23 11:16:22 E:/Study/Wildcat1u1/gin/gin/app/services/user.go:48
[1.442ms] [rows:1] SELECT * FROM `users` WHERE mobile = '17783073950' AND `users`.`deleted_at` IS NULL ORDER BY `users`.`id` LIMIT 1

2023/06/23 11:16:24 E:/Study/Wildcat1u1/gin/gin/app/services/user.go:48
[1.954ms] [rows:1] SELECT * FROM `users` WHERE mobile = '17783073950' AND `users`.`deleted_at` IS NULL ORDER BY `users`.`id` LIMIT 1

2023/06/23 11:16:24 E:/Study/Wildcat1u1/gin/gin/app/services/user.go:48
[1.626ms] [rows:1] SELECT * FROM `users` WHERE mobile = '17783073950' AND `users`.`deleted_at` IS NULL ORDER BY `users`.`id` LIMIT 1

2023/06/23 11:16:24 E:/Study/Wildcat1u1/gin/gin/app/services/user.go:48
[2.443ms] [rows:1] SELECT * FROM `users` WHERE mobile = '17783073950' AND `users`.`deleted_at` IS NULL ORDER BY `users`.`id` LIMIT 1

2023/06/23 11:16:25 E:/Study/Wildcat1u1/gin/gin/app/services/user.go:48
[3.233ms] [rows:1] SELECT * FROM `users` WHERE mobile = '17783073950' AND `users`.`deleted_at` IS NULL ORDER BY `users`.`id` LIMIT 1

2023/06/23 11:16:25 E:/Study/Wildcat1u1/gin/gin/app/services/user.go:48
[1.245ms] [rows:1] SELECT * FROM `users` WHERE mobile = '17783073950' AND `users`.`deleted_at` IS NULL ORDER BY `users`.`id` LIMIT 1

2023/06/23 11:16:25 E:/Study/Wildcat1u1/gin/gin/app/services/user.go:48
[1.492ms] [rows:1] SELECT * FROM `users` WHERE mobile = '17783073950' AND `users`.`deleted_at` IS NULL ORDER BY `users`.`id` LIMIT 1

2023/06/23 11:16:25 E:/Study/Wildcat1u1/gin/gin/app/services/user.go:48
[1.329ms] [rows:1] SELECT * FROM `users` WHERE mobile = '17783073950' AND `users`.`deleted_at` IS NULL ORDER BY `users`.`id` LIMIT 1

2023/06/23 11:16:25 E:/Study/Wildcat1u1/gin/gin/app/services/user.go:48
[1.847ms] [rows:1] SELECT * FROM `users` WHERE mobile = '17783073950' AND `users`.`deleted_at` IS NULL ORDER BY `users`.`id` LIMIT 1

2023/06/23 11:16:25 E:/Study/Wildcat1u1/gin/gin/app/services/user.go:48
[2.389ms] [rows:1] SELECT * FROM `users` WHERE mobile = '17783073950' AND `users`.`deleted_at` IS NULL ORDER BY `users`.`id` LIMIT 1

2023/06/23 11:17:21 E:/Study/Wildcat1u1/gin/gin/app/services/user.go:48
[1.957ms] [rows:1] SELECT * FROM `users` WHERE mobile = '17783073950' AND `users`.`deleted_at` IS NULL ORDER BY `users`.`id` LIMIT 1

2023/06/23 11:17:32 E:/Study/Wildcat1u1/gin/gin/app/services/user.go:48
[2.394ms] [rows:1] SELECT * FROM `users` WHERE mobile = '17783073950' AND `users`.`deleted_at` IS NULL ORDER BY `users`.`id` LIMIT 1

2023/06/23 11:18:35 E:/Study/Wildcat1u1/gin/gin/app/services/user.go:48
[1.401ms] [rows:1] SELECT * FROM `users` WHERE mobile = '17783073950' AND `users`.`deleted_at` IS NULL ORDER BY `users`.`id` LIMIT 1

2023/06/23 11:21:09 E:/Study/Wildcat1u1/gin/gin/app/services/user.go:48
[2.203ms] [rows:1] SELECT * FROM `users` WHERE mobile = '17783073950' AND `users`.`deleted_at` IS NULL ORDER BY `users`.`id` LIMIT 1

2023/06/23 11:23:31 E:/Study/Wildcat1u1/gin/gin/app/services/user.go:48
[2.450ms] [rows:1] SELECT * FROM `users` WHERE mobile = '17783073950' AND `users`.`deleted_at` IS NULL ORDER BY `users`.`id` LIMIT 1

2023/06/23 11:24:01 E:/Study/Wildcat1u1/gin/gin/app/services/user.go:48
[1.884ms] [rows:1] SELECT * FROM `users` WHERE mobile = '17783073950' AND `users`.`deleted_at` IS NULL ORDER BY `users`.`id` LIMIT 1

2023/06/23 11:24:03 E:/Study/Wildcat1u1/gin/gin/app/services/user.go:48
[2.054ms] [rows:1] SELECT * FROM `users` WHERE mobile = '17783073950' AND `users`.`deleted_at` IS NULL ORDER BY `users`.`id` LIMIT 1

2023/06/23 11:28:15 E:/Study/Wildcat1u1/gin/gin/app/services/user.go:48
[2.256ms] [rows:1] SELECT * FROM `users` WHERE mobile = '17783073950' AND `users`.`deleted_at` IS NULL ORDER BY `users`.`id` LIMIT 1

2023/06/23 11:28:26 E:/Study/Wildcat1u1/gin/gin/app/services/user.go:48
[2.848ms] [rows:1] SELECT * FROM `users` WHERE mobile = '17783073950' AND `users`.`deleted_at` IS NULL ORDER BY `users`.`id` LIMIT 1

2023/06/23 11:28:32 E:/Study/Wildcat1u1/gin/gin/app/services/user.go:48
[2.911ms] [rows:1] SELECT * FROM `users` WHERE mobile = '17783073950' AND `users`.`deleted_at` IS NULL ORDER BY `users`.`id` LIMIT 1

2023/06/23 11:28:36 E:/Study/Wildcat1u1/gin/gin/app/services/user.go:48
[1.970ms] [rows:1] SELECT * FROM `users` WHERE mobile = '17783073950' AND `users`.`deleted_at` IS NULL ORDER BY `users`.`id` LIMIT 1

2023/06/23 11:31:31 E:/Study/Wildcat1u1/gin/gin/app/services/user.go:48
[2.289ms] [rows:1] SELECT * FROM `users` WHERE mobile = '17783073950' AND `users`.`deleted_at` IS NULL ORDER BY `users`.`id` LIMIT 1

2023/06/23 11:41:53 E:/Study/Wildcat1u1/gin/gin/app/services/user.go:37
[1.872ms] [rows:1] SELECT `id` FROM `users` WHERE mobile = '17783073950' AND `users`.`deleted_at` IS NULL ORDER BY `users`.`id` LIMIT 1

2023/06/23 11:42:00 E:/Study/Wildcat1u1/gin/gin/app/services/user.go:37
[1.980ms] [rows:1] SELECT `id` FROM `users` WHERE mobile = '17783073950' AND `users`.`deleted_at` IS NULL ORDER BY `users`.`id` LIMIT 1

2023/06/23 11:43:26 E:/Study/Wildcat1u1/gin/gin/app/services/user.go:37
[2.093ms] [rows:1] SELECT `id` FROM `users` WHERE mobile = '17783073950' AND `users`.`deleted_at` IS NULL ORDER BY `users`.`id` LIMIT 1

2023/06/23 11:43:36 E:/Study/Wildcat1u1/gin/gin/app/services/user.go:37 record not found
[2.709ms] [rows:0] SELECT `id` FROM `users` WHERE mobile = '18612331500' AND `users`.`deleted_at` IS NULL ORDER BY `users`.`id` LIMIT 1

2023/06/23 11:43:36 E:/Study/Wildcat1u1/gin/gin/app/services/user.go:43
[10.898ms] [rows:1] INSERT INTO `users` (`name`,`password`,`mobile`,`email`,`created_at`,`updated_at`,`deleted_at`) VALUES ('wildcat','$2a$04$X2CcEb.0htsZ6fjI50SlyuiGpsJLyj7zN6eijZTPUwGCXBPnUdZsC','18612331500','244133871@qq.com','2023-06-23 11:43:36.218','2023-06-23 11:43:36.218',NULL)

2023/06/23 13:55:10 E:/Study/Wildcat1u1/gin/gin/bootstrap/db.go:122
[1.039ms] [rows:-] SELECT DATABASE()

2023/06/23 13:55:10 E:/Study/Wildcat1u1/gin/gin/bootstrap/db.go:122
[2.902ms] [rows:1] SELECT SCHEMA_NAME from Information_schema.SCHEMATA where SCHEMA_NAME LIKE 'go_test%' ORDER BY SCHEMA_NAME='go_test' DESC,SCHEMA_NAME limit 1

2023/06/23 13:55:10 E:/Study/Wildcat1u1/gin/gin/bootstrap/db.go:122
[3.098ms] [rows:-] SELECT count(*) FROM information_schema.tables WHERE table_schema = 'go_test' AND table_name = 'users' AND table_type = 'BASE TABLE'

2023/06/23 13:55:10 E:/Study/Wildcat1u1/gin/gin/bootstrap/db.go:122
[1.585ms] [rows:-] SELECT DATABASE()

2023/06/23 13:55:10 E:/Study/Wildcat1u1/gin/gin/bootstrap/db.go:122
[2.395ms] [rows:1] SELECT SCHEMA_NAME from Information_schema.SCHEMATA where SCHEMA_NAME LIKE 'go_test%' ORDER BY SCHEMA_NAME='go_test' DESC,SCHEMA_NAME limit 1

2023/06/23 13:55:10 E:/Study/Wildcat1u1/gin/gin/bootstrap/db.go:122
[1.015ms] [rows:-] SELECT * FROM `users` LIMIT 1

2023/06/23 13:55:10 E:/Study/Wildcat1u1/gin/gin/bootstrap/db.go:122
[2.690ms] [rows:-] SELECT column_name, column_default, is_nullable = 'YES', data_type, character_maximum_length, column_type, column_key, extra, column_comment, numeric_precision, numeric_scale FROM information_schema.columns WHERE table_schema = 'go_test' AND table_name = 'users' ORDER BY ORDINAL_POSITION

2023/06/23 13:55:10 E:/Study/Wildcat1u1/gin/gin/bootstrap/db.go:122
[0.529ms] [rows:-] SELECT DATABASE()

2023/06/23 13:55:10 E:/Study/Wildcat1u1/gin/gin/bootstrap/db.go:122
[2.688ms] [rows:1] SELECT SCHEMA_NAME from Information_schema.SCHEMATA where SCHEMA_NAME LIKE 'go_test%' ORDER BY SCHEMA_NAME='go_test' DESC,SCHEMA_NAME limit 1

2023/06/23 13:55:10 E:/Study/Wildcat1u1/gin/gin/bootstrap/db.go:122
[2.830ms] [rows:-] SELECT count(*) FROM information_schema.statistics WHERE table_schema = 'go_test' AND table_name = 'users' AND index_name = 'idx_users_deleted_at'

2023/06/23 13:55:10 E:/Study/Wildcat1u1/gin/gin/bootstrap/db.go:122
[1.033ms] [rows:-] SELECT DATABASE()

2023/06/23 13:55:10 E:/Study/Wildcat1u1/gin/gin/bootstrap/db.go:122
[1.547ms] [rows:1] SELECT SCHEMA_NAME from Information_schema.SCHEMATA where SCHEMA_NAME LIKE 'go_test%' ORDER BY SCHEMA_NAME='go_test' DESC,SCHEMA_NAME limit 1

2023/06/23 13:55:10 E:/Study/Wildcat1u1/gin/gin/bootstrap/db.go:122
[2.633ms] [rows:-] SELECT count(*) FROM information_schema.statistics WHERE table_schema = 'go_test' AND table_name = 'users' AND index_name = 'idx_users_mobile'

2023/06/23 13:55:10 E:/Study/Wildcat1u1/gin/gin/bootstrap/db.go:122
[0.503ms] [rows:-] SELECT DATABASE()

2023/06/23 13:55:10 E:/Study/Wildcat1u1/gin/gin/bootstrap/db.go:122
[2.958ms] [rows:1] SELECT SCHEMA_NAME from Information_schema.SCHEMATA where SCHEMA_NAME LIKE 'go_test%' ORDER BY SCHEMA_NAME='go_test' DESC,SCHEMA_NAME limit 1

2023/06/23 13:55:10 E:/Study/Wildcat1u1/gin/gin/bootstrap/db.go:122
[2.362ms] [rows:-] SELECT count(*) FROM information_schema.statistics WHERE table_schema = 'go_test' AND table_name = 'users' AND index_name = 'idx_users_email'

2023/06/23 13:55:56 E:/Study/Wildcat1u1/gin/gin/app/services/user.go:48
[1.406ms] [rows:1] SELECT * FROM `users` WHERE mobile = '17783073950' AND `users`.`deleted_at` IS NULL ORDER BY `users`.`id` LIMIT 1

2023/06/23 13:56:58 E:/Study/Wildcat1u1/gin/gin/app/services/user.go:48
[1.017ms] [rows:1] SELECT * FROM `users` WHERE mobile = '17783073950' AND `users`.`deleted_at` IS NULL ORDER BY `users`.`id` LIMIT 1

2023/06/23 13:57:27 E:/Study/Wildcat1u1/gin/gin/app/services/user.go:48
[1.174ms] [rows:1] SELECT * FROM `users` WHERE mobile = '17783073950' AND `users`.`deleted_at` IS NULL ORDER BY `users`.`id` LIMIT 1

2023/06/23 13:57:33 E:/Study/Wildcat1u1/gin/gin/app/services/user.go:48
[1.317ms] [rows:1] SELECT * FROM `users` WHERE mobile = '17783073950' AND `users`.`deleted_at` IS NULL ORDER BY `users`.`id` LIMIT 1

2023/06/23 13:57:46 E:/Study/Wildcat1u1/gin/gin/app/services/user.go:48
[1.878ms] [rows:1] SELECT * FROM `users` WHERE mobile = '17783073950' AND `users`.`deleted_at` IS NULL ORDER BY `users`.`id` LIMIT 1

2023/06/23 13:58:03 E:/Study/Wildcat1u1/gin/gin/app/services/user.go:48
[1.122ms] [rows:1] SELECT * FROM `users` WHERE mobile = '17783073950' AND `users`.`deleted_at` IS NULL ORDER BY `users`.`id` LIMIT 1

2023/06/23 14:03:58 E:/Study/Wildcat1u1/gin/gin/bootstrap/db.go:122
[0.000ms] [rows:-] SELECT DATABASE()

2023/06/23 14:03:58 E:/Study/Wildcat1u1/gin/gin/bootstrap/db.go:122
[1.050ms] [rows:1] SELECT SCHEMA_NAME from Information_schema.SCHEMATA where SCHEMA_NAME LIKE 'go_test%' ORDER BY SCHEMA_NAME='go_test' DESC,SCHEMA_NAME limit 1

2023/06/23 14:03:58 E:/Study/Wildcat1u1/gin/gin/bootstrap/db.go:122
[1.042ms] [rows:-] SELECT count(*) FROM information_schema.tables WHERE table_schema = 'go_test' AND table_name = 'users' AND table_type = 'BASE TABLE'

2023/06/23 14:03:58 E:/Study/Wildcat1u1/gin/gin/bootstrap/db.go:122
[0.511ms] [rows:-] SELECT DATABASE()

2023/06/23 14:03:58 E:/Study/Wildcat1u1/gin/gin/bootstrap/db.go:122
[1.050ms] [rows:1] SELECT SCHEMA_NAME from Information_schema.SCHEMATA where SCHEMA_NAME LIKE 'go_test%' ORDER BY SCHEMA_NAME='go_test' DESC,SCHEMA_NAME limit 1

2023/06/23 14:03:58 E:/Study/Wildcat1u1/gin/gin/bootstrap/db.go:122
[0.518ms] [rows:-] SELECT * FROM `users` LIMIT 1

2023/06/23 14:03:58 E:/Study/Wildcat1u1/gin/gin/bootstrap/db.go:122
[1.042ms] [rows:-] SELECT column_name, column_default, is_nullable = 'YES', data_type, character_maximum_length, column_type, column_key, extra, column_comment, numeric_precision, numeric_scale FROM information_schema.columns WHERE table_schema = 'go_test' AND table_name = 'users' ORDER BY ORDINAL_POSITION

2023/06/23 14:03:58 E:/Study/Wildcat1u1/gin/gin/bootstrap/db.go:122
[0.520ms] [rows:-] SELECT DATABASE()

2023/06/23 14:03:58 E:/Study/Wildcat1u1/gin/gin/bootstrap/db.go:122
[1.041ms] [rows:1] SELECT SCHEMA_NAME from Information_schema.SCHEMATA where SCHEMA_NAME LIKE 'go_test%' ORDER BY SCHEMA_NAME='go_test' DESC,SCHEMA_NAME limit 1

2023/06/23 14:03:58 E:/Study/Wildcat1u1/gin/gin/bootstrap/db.go:122
[1.042ms] [rows:-] SELECT count(*) FROM information_schema.statistics WHERE table_schema = 'go_test' AND table_name = 'users' AND index_name = 'idx_users_mobile'

2023/06/23 14:03:58 E:/Study/Wildcat1u1/gin/gin/bootstrap/db.go:122
[0.517ms] [rows:-] SELECT DATABASE()

2023/06/23 14:03:58 E:/Study/Wildcat1u1/gin/gin/bootstrap/db.go:122
[1.028ms] [rows:1] SELECT SCHEMA_NAME from Information_schema.SCHEMATA where SCHEMA_NAME LIKE 'go_test%' ORDER BY SCHEMA_NAME='go_test' DESC,SCHEMA_NAME limit 1

2023/06/23 14:03:58 E:/Study/Wildcat1u1/gin/gin/bootstrap/db.go:122
[1.049ms] [rows:-] SELECT count(*) FROM information_schema.statistics WHERE table_schema = 'go_test' AND table_name = 'users' AND index_name = 'idx_users_email'

2023/06/23 14:03:58 E:/Study/Wildcat1u1/gin/gin/bootstrap/db.go:122
[0.522ms] [rows:-] SELECT DATABASE()

2023/06/23 14:03:58 E:/Study/Wildcat1u1/gin/gin/bootstrap/db.go:122
[1.057ms] [rows:1] SELECT SCHEMA_NAME from Information_schema.SCHEMATA where SCHEMA_NAME LIKE 'go_test%' ORDER BY SCHEMA_NAME='go_test' DESC,SCHEMA_NAME limit 1

2023/06/23 14:03:58 E:/Study/Wildcat1u1/gin/gin/bootstrap/db.go:122
[1.612ms] [rows:-] SELECT count(*) FROM information_schema.statistics WHERE table_schema = 'go_test' AND table_name = 'users' AND index_name = 'idx_users_deleted_at'

2023/06/23 14:04:00 E:/Study/Wildcat1u1/gin/gin/app/services/user.go:48
[1.344ms] [rows:1] SELECT * FROM `users` WHERE mobile = '17783073950' AND `users`.`deleted_at` IS NULL ORDER BY `users`.`id` LIMIT 1

2023/06/23 14:07:57 E:/Study/Wildcat1u1/gin/gin/bootstrap/db.go:122
[0.000ms] [rows:-] SELECT DATABASE()

2023/06/23 14:07:57 E:/Study/Wildcat1u1/gin/gin/bootstrap/db.go:122
[1.047ms] [rows:1] SELECT SCHEMA_NAME from Information_schema.SCHEMATA where SCHEMA_NAME LIKE 'go_test%' ORDER BY SCHEMA_NAME='go_test' DESC,SCHEMA_NAME limit 1

2023/06/23 14:07:57 E:/Study/Wildcat1u1/gin/gin/bootstrap/db.go:122
[1.047ms] [rows:-] SELECT count(*) FROM information_schema.tables WHERE table_schema = 'go_test' AND table_name = 'users' AND table_type = 'BASE TABLE'

2023/06/23 14:07:57 E:/Study/Wildcat1u1/gin/gin/bootstrap/db.go:122
[0.524ms] [rows:-] SELECT DATABASE()

2023/06/23 14:07:57 E:/Study/Wildcat1u1/gin/gin/bootstrap/db.go:122
[1.048ms] [rows:1] SELECT SCHEMA_NAME from Information_schema.SCHEMATA where SCHEMA_NAME LIKE 'go_test%' ORDER BY SCHEMA_NAME='go_test' DESC,SCHEMA_NAME limit 1

2023/06/23 14:07:57 E:/Study/Wildcat1u1/gin/gin/bootstrap/db.go:122
[0.524ms] [rows:-] SELECT * FROM `users` LIMIT 1

2023/06/23 14:07:57 E:/Study/Wildcat1u1/gin/gin/bootstrap/db.go:122
[1.039ms] [rows:-] SELECT column_name, column_default, is_nullable = 'YES', data_type, character_maximum_length, column_type, column_key, extra, column_comment, numeric_precision, numeric_scale FROM information_schema.columns WHERE table_schema = 'go_test' AND table_name = 'users' ORDER BY ORDINAL_POSITION

2023/06/23 14:07:57 E:/Study/Wildcat1u1/gin/gin/bootstrap/db.go:122
[0.522ms] [rows:-] SELECT DATABASE()

2023/06/23 14:07:57 E:/Study/Wildcat1u1/gin/gin/bootstrap/db.go:122
[1.049ms] [rows:1] SELECT SCHEMA_NAME from Information_schema.SCHEMATA where SCHEMA_NAME LIKE 'go_test%' ORDER BY SCHEMA_NAME='go_test' DESC,SCHEMA_NAME limit 1

2023/06/23 14:07:57 E:/Study/Wildcat1u1/gin/gin/bootstrap/db.go:122
[1.618ms] [rows:-] SELECT count(*) FROM information_schema.statistics WHERE table_schema = 'go_test' AND table_name = 'users' AND index_name = 'idx_users_email'

2023/06/23 14:07:57 E:/Study/Wildcat1u1/gin/gin/bootstrap/db.go:122
[0.558ms] [rows:-] SELECT DATABASE()

2023/06/23 14:07:57 E:/Study/Wildcat1u1/gin/gin/bootstrap/db.go:122
[1.537ms] [rows:1] SELECT SCHEMA_NAME from Information_schema.SCHEMATA where SCHEMA_NAME LIKE 'go_test%' ORDER BY SCHEMA_NAME='go_test' DESC,SCHEMA_NAME limit 1

2023/06/23 14:07:57 E:/Study/Wildcat1u1/gin/gin/bootstrap/db.go:122
[1.036ms] [rows:-] SELECT count(*) FROM information_schema.statistics WHERE table_schema = 'go_test' AND table_name = 'users' AND index_name = 'idx_users_deleted_at'

2023/06/23 14:07:57 E:/Study/Wildcat1u1/gin/gin/bootstrap/db.go:122
[0.518ms] [rows:-] SELECT DATABASE()

2023/06/23 14:07:57 E:/Study/Wildcat1u1/gin/gin/bootstrap/db.go:122
[1.037ms] [rows:1] SELECT SCHEMA_NAME from Information_schema.SCHEMATA where SCHEMA_NAME LIKE 'go_test%' ORDER BY SCHEMA_NAME='go_test' DESC,SCHEMA_NAME limit 1

2023/06/23 14:07:57 E:/Study/Wildcat1u1/gin/gin/bootstrap/db.go:122
[1.042ms] [rows:-] SELECT count(*) FROM information_schema.statistics WHERE table_schema = 'go_test' AND table_name = 'users' AND index_name = 'idx_users_mobile'

2023/06/23 14:09:57 E:/Study/Wildcat1u1/gin/gin/bootstrap/db.go:122
[0.514ms] [rows:-] SELECT DATABASE()

2023/06/23 14:09:57 E:/Study/Wildcat1u1/gin/gin/bootstrap/db.go:122
[1.544ms] [rows:1] SELECT SCHEMA_NAME from Information_schema.SCHEMATA where SCHEMA_NAME LIKE 'go_test%' ORDER BY SCHEMA_NAME='go_test' DESC,SCHEMA_NAME limit 1

2023/06/23 14:09:57 E:/Study/Wildcat1u1/gin/gin/bootstrap/db.go:122
[1.026ms] [rows:-] SELECT count(*) FROM information_schema.tables WHERE table_schema = 'go_test' AND table_name = 'users' AND table_type = 'BASE TABLE'

2023/06/23 14:09:57 E:/Study/Wildcat1u1/gin/gin/bootstrap/db.go:122
[0.513ms] [rows:-] SELECT DATABASE()

2023/06/23 14:09:57 E:/Study/Wildcat1u1/gin/gin/bootstrap/db.go:122
[1.020ms] [rows:1] SELECT SCHEMA_NAME from Information_schema.SCHEMATA where SCHEMA_NAME LIKE 'go_test%' ORDER BY SCHEMA_NAME='go_test' DESC,SCHEMA_NAME limit 1

2023/06/23 14:09:57 E:/Study/Wildcat1u1/gin/gin/bootstrap/db.go:122
[0.631ms] [rows:-] SELECT * FROM `users` LIMIT 1

2023/06/23 14:09:57 E:/Study/Wildcat1u1/gin/gin/bootstrap/db.go:122
[1.547ms] [rows:-] SELECT column_name, column_default, is_nullable = 'YES', data_type, character_maximum_length, column_type, column_key, extra, column_comment, numeric_precision, numeric_scale FROM information_schema.columns WHERE table_schema = 'go_test' AND table_name = 'users' ORDER BY ORDINAL_POSITION

2023/06/23 14:09:57 E:/Study/Wildcat1u1/gin/gin/bootstrap/db.go:122
[0.512ms] [rows:-] SELECT DATABASE()

2023/06/23 14:09:57 E:/Study/Wildcat1u1/gin/gin/bootstrap/db.go:122
[1.367ms] [rows:1] SELECT SCHEMA_NAME from Information_schema.SCHEMATA where SCHEMA_NAME LIKE 'go_test%' ORDER BY SCHEMA_NAME='go_test' DESC,SCHEMA_NAME limit 1

2023/06/23 14:09:57 E:/Study/Wildcat1u1/gin/gin/bootstrap/db.go:122
[1.020ms] [rows:-] SELECT count(*) FROM information_schema.statistics WHERE table_schema = 'go_test' AND table_name = 'users' AND index_name = 'idx_users_mobile'

2023/06/23 14:09:57 E:/Study/Wildcat1u1/gin/gin/bootstrap/db.go:122
[0.514ms] [rows:-] SELECT DATABASE()

2023/06/23 14:09:57 E:/Study/Wildcat1u1/gin/gin/bootstrap/db.go:122
[1.025ms] [rows:1] SELECT SCHEMA_NAME from Information_schema.SCHEMATA where SCHEMA_NAME LIKE 'go_test%' ORDER BY SCHEMA_NAME='go_test' DESC,SCHEMA_NAME limit 1

2023/06/23 14:09:57 E:/Study/Wildcat1u1/gin/gin/bootstrap/db.go:122
[1.026ms] [rows:-] SELECT count(*) FROM information_schema.statistics WHERE table_schema = 'go_test' AND table_name = 'users' AND index_name = 'idx_users_email'

2023/06/23 14:09:57 E:/Study/Wildcat1u1/gin/gin/bootstrap/db.go:122
[0.513ms] [rows:-] SELECT DATABASE()

2023/06/23 14:09:57 E:/Study/Wildcat1u1/gin/gin/bootstrap/db.go:122
[0.513ms] [rows:1] SELECT SCHEMA_NAME from Information_schema.SCHEMATA where SCHEMA_NAME LIKE 'go_test%' ORDER BY SCHEMA_NAME='go_test' DESC,SCHEMA_NAME limit 1

2023/06/23 14:09:57 E:/Study/Wildcat1u1/gin/gin/bootstrap/db.go:122
[1.031ms] [rows:-] SELECT count(*) FROM information_schema.statistics WHERE table_schema = 'go_test' AND table_name = 'users' AND index_name = 'idx_users_deleted_at'

2023/06/23 14:11:05 E:/Study/Wildcat1u1/gin/gin/bootstrap/db.go:122
[0.625ms] [rows:-] SELECT DATABASE()

2023/06/23 14:11:05 E:/Study/Wildcat1u1/gin/gin/bootstrap/db.go:122
[1.042ms] [rows:1] SELECT SCHEMA_NAME from Information_schema.SCHEMATA where SCHEMA_NAME LIKE 'go_test%' ORDER BY SCHEMA_NAME='go_test' DESC,SCHEMA_NAME limit 1

2023/06/23 14:11:05 E:/Study/Wildcat1u1/gin/gin/bootstrap/db.go:122
[1.573ms] [rows:-] SELECT count(*) FROM information_schema.tables WHERE table_schema = 'go_test' AND table_name = 'users' AND table_type = 'BASE TABLE'

2023/06/23 14:11:05 E:/Study/Wildcat1u1/gin/gin/bootstrap/db.go:122
[0.517ms] [rows:-] SELECT DATABASE()

2023/06/23 14:11:05 E:/Study/Wildcat1u1/gin/gin/bootstrap/db.go:122
[1.049ms] [rows:1] SELECT SCHEMA_NAME from Information_schema.SCHEMATA where SCHEMA_NAME LIKE 'go_test%' ORDER BY SCHEMA_NAME='go_test' DESC,SCHEMA_NAME limit 1

2023/06/23 14:11:05 E:/Study/Wildcat1u1/gin/gin/bootstrap/db.go:122
[0.537ms] [rows:-] SELECT * FROM `users` LIMIT 1

2023/06/23 14:11:05 E:/Study/Wildcat1u1/gin/gin/bootstrap/db.go:122
[1.059ms] [rows:-] SELECT column_name, column_default, is_nullable = 'YES', data_type, character_maximum_length, column_type, column_key, extra, column_comment, numeric_precision, numeric_scale FROM information_schema.columns WHERE table_schema = 'go_test' AND table_name = 'users' ORDER BY ORDINAL_POSITION

2023/06/23 14:11:05 E:/Study/Wildcat1u1/gin/gin/bootstrap/db.go:122
[0.518ms] [rows:-] SELECT DATABASE()

2023/06/23 14:11:05 E:/Study/Wildcat1u1/gin/gin/bootstrap/db.go:122
[1.035ms] [rows:1] SELECT SCHEMA_NAME from Information_schema.SCHEMATA where SCHEMA_NAME LIKE 'go_test%' ORDER BY SCHEMA_NAME='go_test' DESC,SCHEMA_NAME limit 1

2023/06/23 14:11:05 E:/Study/Wildcat1u1/gin/gin/bootstrap/db.go:122
[1.048ms] [rows:-] SELECT count(*) FROM information_schema.statistics WHERE table_schema = 'go_test' AND table_name = 'users' AND index_name = 'idx_users_mobile'

2023/06/23 14:11:05 E:/Study/Wildcat1u1/gin/gin/bootstrap/db.go:122
[0.517ms] [rows:-] SELECT DATABASE()

2023/06/23 14:11:05 E:/Study/Wildcat1u1/gin/gin/bootstrap/db.go:122
[0.571ms] [rows:1] SELECT SCHEMA_NAME from Information_schema.SCHEMATA where SCHEMA_NAME LIKE 'go_test%' ORDER BY SCHEMA_NAME='go_test' DESC,SCHEMA_NAME limit 1

2023/06/23 14:11:05 E:/Study/Wildcat1u1/gin/gin/bootstrap/db.go:122
[1.022ms] [rows:-] SELECT count(*) FROM information_schema.statistics WHERE table_schema = 'go_test' AND table_name = 'users' AND index_name = 'idx_users_email'

2023/06/23 14:11:05 E:/Study/Wildcat1u1/gin/gin/bootstrap/db.go:122
[0.544ms] [rows:-] SELECT DATABASE()

2023/06/23 14:11:05 E:/Study/Wildcat1u1/gin/gin/bootstrap/db.go:122
[1.043ms] [rows:1] SELECT SCHEMA_NAME from Information_schema.SCHEMATA where SCHEMA_NAME LIKE 'go_test%' ORDER BY SCHEMA_NAME='go_test' DESC,SCHEMA_NAME limit 1

2023/06/23 14:11:05 E:/Study/Wildcat1u1/gin/gin/bootstrap/db.go:122
[1.624ms] [rows:-] SELECT count(*) FROM information_schema.statistics WHERE table_schema = 'go_test' AND table_name = 'users' AND index_name = 'idx_users_deleted_at'

2023/06/23 14:11:13 E:/Study/Wildcat1u1/gin/gin/bootstrap/db.go:122
[0.526ms] [rows:-] SELECT DATABASE()

2023/06/23 14:11:13 E:/Study/Wildcat1u1/gin/gin/bootstrap/db.go:122
[1.037ms] [rows:1] SELECT SCHEMA_NAME from Information_schema.SCHEMATA where SCHEMA_NAME LIKE 'go_test%' ORDER BY SCHEMA_NAME='go_test' DESC,SCHEMA_NAME limit 1

2023/06/23 14:11:13 E:/Study/Wildcat1u1/gin/gin/bootstrap/db.go:122
[1.034ms] [rows:-] SELECT count(*) FROM information_schema.tables WHERE table_schema = 'go_test' AND table_name = 'users' AND table_type = 'BASE TABLE'

2023/06/23 14:11:13 E:/Study/Wildcat1u1/gin/gin/bootstrap/db.go:122
[0.000ms] [rows:-] SELECT DATABASE()

2023/06/23 14:11:13 E:/Study/Wildcat1u1/gin/gin/bootstrap/db.go:122
[1.035ms] [rows:1] SELECT SCHEMA_NAME from Information_schema.SCHEMATA where SCHEMA_NAME LIKE 'go_test%' ORDER BY SCHEMA_NAME='go_test' DESC,SCHEMA_NAME limit 1

2023/06/23 14:11:13 E:/Study/Wildcat1u1/gin/gin/bootstrap/db.go:122
[0.000ms] [rows:-] SELECT * FROM `users` LIMIT 1

2023/06/23 14:11:13 E:/Study/Wildcat1u1/gin/gin/bootstrap/db.go:122
[1.033ms] [rows:-] SELECT column_name, column_default, is_nullable = 'YES', data_type, character_maximum_length, column_type, column_key, extra, column_comment, numeric_precision, numeric_scale FROM information_schema.columns WHERE table_schema = 'go_test' AND table_name = 'users' ORDER BY ORDINAL_POSITION

2023/06/23 14:11:13 E:/Study/Wildcat1u1/gin/gin/bootstrap/db.go:122
[0.540ms] [rows:-] SELECT DATABASE()

2023/06/23 14:11:13 E:/Study/Wildcat1u1/gin/gin/bootstrap/db.go:122
[0.527ms] [rows:1] SELECT SCHEMA_NAME from Information_schema.SCHEMATA where SCHEMA_NAME LIKE 'go_test%' ORDER BY SCHEMA_NAME='go_test' DESC,SCHEMA_NAME limit 1

2023/06/23 14:11:13 E:/Study/Wildcat1u1/gin/gin/bootstrap/db.go:122
[1.072ms] [rows:-] SELECT count(*) FROM information_schema.statistics WHERE table_schema = 'go_test' AND table_name = 'users' AND index_name = 'idx_users_mobile'

2023/06/23 14:11:13 E:/Study/Wildcat1u1/gin/gin/bootstrap/db.go:122
[0.519ms] [rows:-] SELECT DATABASE()

2023/06/23 14:11:13 E:/Study/Wildcat1u1/gin/gin/bootstrap/db.go:122
[1.028ms] [rows:1] SELECT SCHEMA_NAME from Information_schema.SCHEMATA where SCHEMA_NAME LIKE 'go_test%' ORDER BY SCHEMA_NAME='go_test' DESC,SCHEMA_NAME limit 1

2023/06/23 14:11:13 E:/Study/Wildcat1u1/gin/gin/bootstrap/db.go:122
[0.540ms] [rows:-] SELECT count(*) FROM information_schema.statistics WHERE table_schema = 'go_test' AND table_name = 'users' AND index_name = 'idx_users_email'

2023/06/23 14:11:13 E:/Study/Wildcat1u1/gin/gin/bootstrap/db.go:122
[0.584ms] [rows:-] SELECT DATABASE()

2023/06/23 14:11:13 E:/Study/Wildcat1u1/gin/gin/bootstrap/db.go:122
[1.029ms] [rows:1] SELECT SCHEMA_NAME from Information_schema.SCHEMATA where SCHEMA_NAME LIKE 'go_test%' ORDER BY SCHEMA_NAME='go_test' DESC,SCHEMA_NAME limit 1

2023/06/23 14:11:13 E:/Study/Wildcat1u1/gin/gin/bootstrap/db.go:122
[0.533ms] [rows:-] SELECT count(*) FROM information_schema.statistics WHERE table_schema = 'go_test' AND table_name = 'users' AND index_name = 'idx_users_deleted_at'

2023/06/23 14:12:14 E:/Study/Wildcat1u1/gin/gin/app/services/user.go:48
[2.315ms] [rows:1] SELECT * FROM `users` WHERE mobile = '17783073950' AND `users`.`deleted_at` IS NULL ORDER BY `users`.`id` LIMIT 1

2023/06/23 14:14:09 E:/Study/Wildcat1u1/gin/gin/bootstrap/db.go:122
[0.000ms] [rows:-] SELECT DATABASE()

2023/06/23 14:14:09 E:/Study/Wildcat1u1/gin/gin/bootstrap/db.go:122
[1.034ms] [rows:1] SELECT SCHEMA_NAME from Information_schema.SCHEMATA where SCHEMA_NAME LIKE 'go_test%' ORDER BY SCHEMA_NAME='go_test' DESC,SCHEMA_NAME limit 1

2023/06/23 14:14:09 E:/Study/Wildcat1u1/gin/gin/bootstrap/db.go:122
[1.037ms] [rows:-] SELECT count(*) FROM information_schema.tables WHERE table_schema = 'go_test' AND table_name = 'users' AND table_type = 'BASE TABLE'

2023/06/23 14:14:09 E:/Study/Wildcat1u1/gin/gin/bootstrap/db.go:122
[0.518ms] [rows:-] SELECT DATABASE()

2023/06/23 14:14:09 E:/Study/Wildcat1u1/gin/gin/bootstrap/db.go:122
[0.576ms] [rows:1] SELECT SCHEMA_NAME from Information_schema.SCHEMATA where SCHEMA_NAME LIKE 'go_test%' ORDER BY SCHEMA_NAME='go_test' DESC,SCHEMA_NAME limit 1

2023/06/23 14:14:09 E:/Study/Wildcat1u1/gin/gin/bootstrap/db.go:122
[0.504ms] [rows:-] SELECT * FROM `users` LIMIT 1

2023/06/23 14:14:09 E:/Study/Wildcat1u1/gin/gin/bootstrap/db.go:122
[1.035ms] [rows:-] SELECT column_name, column_default, is_nullable = 'YES', data_type, character_maximum_length, column_type, column_key, extra, column_comment, numeric_precision, numeric_scale FROM information_schema.columns WHERE table_schema = 'go_test' AND table_name = 'users' ORDER BY ORDINAL_POSITION

2023/06/23 14:14:09 E:/Study/Wildcat1u1/gin/gin/bootstrap/db.go:122
[0.517ms] [rows:-] SELECT DATABASE()

2023/06/23 14:14:09 E:/Study/Wildcat1u1/gin/gin/bootstrap/db.go:122
[0.517ms] [rows:1] SELECT SCHEMA_NAME from Information_schema.SCHEMATA where SCHEMA_NAME LIKE 'go_test%' ORDER BY SCHEMA_NAME='go_test' DESC,SCHEMA_NAME limit 1

2023/06/23 14:14:09 E:/Study/Wildcat1u1/gin/gin/bootstrap/db.go:122
[1.080ms] [rows:-] SELECT count(*) FROM information_schema.statistics WHERE table_schema = 'go_test' AND table_name = 'users' AND index_name = 'idx_users_mobile'

2023/06/23 14:14:09 E:/Study/Wildcat1u1/gin/gin/bootstrap/db.go:122
[0.520ms] [rows:-] SELECT DATABASE()

2023/06/23 14:14:09 E:/Study/Wildcat1u1/gin/gin/bootstrap/db.go:122
[1.030ms] [rows:1] SELECT SCHEMA_NAME from Information_schema.SCHEMATA where SCHEMA_NAME LIKE 'go_test%' ORDER BY SCHEMA_NAME='go_test' DESC,SCHEMA_NAME limit 1

2023/06/23 14:14:09 E:/Study/Wildcat1u1/gin/gin/bootstrap/db.go:122
[1.053ms] [rows:-] SELECT count(*) FROM information_schema.statistics WHERE table_schema = 'go_test' AND table_name = 'users' AND index_name = 'idx_users_email'

2023/06/23 14:14:09 E:/Study/Wildcat1u1/gin/gin/bootstrap/db.go:122
[0.000ms] [rows:-] SELECT DATABASE()

2023/06/23 14:14:09 E:/Study/Wildcat1u1/gin/gin/bootstrap/db.go:122
[1.114ms] [rows:1] SELECT SCHEMA_NAME from Information_schema.SCHEMATA where SCHEMA_NAME LIKE 'go_test%' ORDER BY SCHEMA_NAME='go_test' DESC,SCHEMA_NAME limit 1

2023/06/23 14:14:09 E:/Study/Wildcat1u1/gin/gin/bootstrap/db.go:122
[1.659ms] [rows:-] SELECT count(*) FROM information_schema.statistics WHERE table_schema = 'go_test' AND table_name = 'users' AND index_name = 'idx_users_deleted_at'

2023/06/23 14:14:11 E:/Study/Wildcat1u1/gin/gin/app/services/user.go:48
[1.603ms] [rows:1] SELECT * FROM `users` WHERE mobile = '17783073950' AND `users`.`deleted_at` IS NULL ORDER BY `users`.`id` LIMIT 1

2023/06/23 14:15:51 E:/Study/Wildcat1u1/gin/gin/bootstrap/db.go:122
[0.632ms] [rows:-] SELECT DATABASE()

2023/06/23 14:15:51 E:/Study/Wildcat1u1/gin/gin/bootstrap/db.go:122
[1.260ms] [rows:1] SELECT SCHEMA_NAME from Information_schema.SCHEMATA where SCHEMA_NAME LIKE 'go_test%' ORDER BY SCHEMA_NAME='go_test' DESC,SCHEMA_NAME limit 1

2023/06/23 14:15:51 E:/Study/Wildcat1u1/gin/gin/bootstrap/db.go:122
[0.518ms] [rows:-] SELECT count(*) FROM information_schema.tables WHERE table_schema = 'go_test' AND table_name = 'users' AND table_type = 'BASE TABLE'

2023/06/23 14:15:51 E:/Study/Wildcat1u1/gin/gin/bootstrap/db.go:122
[0.000ms] [rows:-] SELECT DATABASE()

2023/06/23 14:15:51 E:/Study/Wildcat1u1/gin/gin/bootstrap/db.go:122
[1.032ms] [rows:1] SELECT SCHEMA_NAME from Information_schema.SCHEMATA where SCHEMA_NAME LIKE 'go_test%' ORDER BY SCHEMA_NAME='go_test' DESC,SCHEMA_NAME limit 1

2023/06/23 14:15:51 E:/Study/Wildcat1u1/gin/gin/bootstrap/db.go:122
[0.000ms] [rows:-] SELECT * FROM `users` LIMIT 1

2023/06/23 14:15:51 E:/Study/Wildcat1u1/gin/gin/bootstrap/db.go:122
[1.558ms] [rows:-] SELECT column_name, column_default, is_nullable = 'YES', data_type, character_maximum_length, column_type, column_key, extra, column_comment, numeric_precision, numeric_scale FROM information_schema.columns WHERE table_schema = 'go_test' AND table_name = 'users' ORDER BY ORDINAL_POSITION

2023/06/23 14:15:51 E:/Study/Wildcat1u1/gin/gin/bootstrap/db.go:122
[0.506ms] [rows:-] SELECT DATABASE()

2023/06/23 14:15:51 E:/Study/Wildcat1u1/gin/gin/bootstrap/db.go:122
[0.515ms] [rows:1] SELECT SCHEMA_NAME from Information_schema.SCHEMATA where SCHEMA_NAME LIKE 'go_test%' ORDER BY SCHEMA_NAME='go_test' DESC,SCHEMA_NAME limit 1

2023/06/23 14:15:51 E:/Study/Wildcat1u1/gin/gin/bootstrap/db.go:122
[1.070ms] [rows:-] SELECT count(*) FROM information_schema.statistics WHERE table_schema = 'go_test' AND table_name = 'users' AND index_name = 'idx_users_mobile'

2023/06/23 14:15:51 E:/Study/Wildcat1u1/gin/gin/bootstrap/db.go:122
[0.518ms] [rows:-] SELECT DATABASE()

2023/06/23 14:15:51 E:/Study/Wildcat1u1/gin/gin/bootstrap/db.go:122
[0.518ms] [rows:1] SELECT SCHEMA_NAME from Information_schema.SCHEMATA where SCHEMA_NAME LIKE 'go_test%' ORDER BY SCHEMA_NAME='go_test' DESC,SCHEMA_NAME limit 1

2023/06/23 14:15:51 E:/Study/Wildcat1u1/gin/gin/bootstrap/db.go:122
[1.048ms] [rows:-] SELECT count(*) FROM information_schema.statistics WHERE table_schema = 'go_test' AND table_name = 'users' AND index_name = 'idx_users_email'

2023/06/23 14:15:51 E:/Study/Wildcat1u1/gin/gin/bootstrap/db.go:122
[1.152ms] [rows:-] SELECT DATABASE()

2023/06/23 14:15:51 E:/Study/Wildcat1u1/gin/gin/bootstrap/db.go:122
[1.021ms] [rows:1] SELECT SCHEMA_NAME from Information_schema.SCHEMATA where SCHEMA_NAME LIKE 'go_test%' ORDER BY SCHEMA_NAME='go_test' DESC,SCHEMA_NAME limit 1

2023/06/23 14:15:51 E:/Study/Wildcat1u1/gin/gin/bootstrap/db.go:122
[0.518ms] [rows:-] SELECT count(*) FROM information_schema.statistics WHERE table_schema = 'go_test' AND table_name = 'users' AND index_name = 'idx_users_deleted_at'

2023/06/23 14:16:06 E:/Study/Wildcat1u1/gin/gin/app/services/user.go:48
[1.482ms] [rows:1] SELECT * FROM `users` WHERE mobile = '17783073950' AND `users`.`deleted_at` IS NULL ORDER BY `users`.`id` LIMIT 1

2023/06/23 14:17:27 E:/Study/Wildcat1u1/gin/gin/bootstrap/db.go:122
[0.000ms] [rows:-] SELECT DATABASE()

2023/06/23 14:17:27 E:/Study/Wildcat1u1/gin/gin/bootstrap/db.go:122
[1.034ms] [rows:1] SELECT SCHEMA_NAME from Information_schema.SCHEMATA where SCHEMA_NAME LIKE 'go_test%' ORDER BY SCHEMA_NAME='go_test' DESC,SCHEMA_NAME limit 1

2023/06/23 14:17:27 E:/Study/Wildcat1u1/gin/gin/bootstrap/db.go:122
[1.036ms] [rows:-] SELECT count(*) FROM information_schema.tables WHERE table_schema = 'go_test' AND table_name = 'users' AND table_type = 'BASE TABLE'

2023/06/23 14:17:27 E:/Study/Wildcat1u1/gin/gin/bootstrap/db.go:122
[0.519ms] [rows:-] SELECT DATABASE()

2023/06/23 14:17:27 E:/Study/Wildcat1u1/gin/gin/bootstrap/db.go:122
[1.040ms] [rows:1] SELECT SCHEMA_NAME from Information_schema.SCHEMATA where SCHEMA_NAME LIKE 'go_test%' ORDER BY SCHEMA_NAME='go_test' DESC,SCHEMA_NAME limit 1

2023/06/23 14:17:27 E:/Study/Wildcat1u1/gin/gin/bootstrap/db.go:122
[0.745ms] [rows:-] SELECT * FROM `users` LIMIT 1

2023/06/23 14:17:27 E:/Study/Wildcat1u1/gin/gin/bootstrap/db.go:122
[1.549ms] [rows:-] SELECT column_name, column_default, is_nullable = 'YES', data_type, character_maximum_length, column_type, column_key, extra, column_comment, numeric_precision, numeric_scale FROM information_schema.columns WHERE table_schema = 'go_test' AND table_name = 'users' ORDER BY ORDINAL_POSITION

2023/06/23 14:17:27 E:/Study/Wildcat1u1/gin/gin/bootstrap/db.go:122
[0.524ms] [rows:-] SELECT DATABASE()

2023/06/23 14:17:27 E:/Study/Wildcat1u1/gin/gin/bootstrap/db.go:122
[1.023ms] [rows:1] SELECT SCHEMA_NAME from Information_schema.SCHEMATA where SCHEMA_NAME LIKE 'go_test%' ORDER BY SCHEMA_NAME='go_test' DESC,SCHEMA_NAME limit 1

2023/06/23 14:17:27 E:/Study/Wildcat1u1/gin/gin/bootstrap/db.go:122
[1.562ms] [rows:-] SELECT count(*) FROM information_schema.statistics WHERE table_schema = 'go_test' AND table_name = 'users' AND index_name = 'idx_users_deleted_at'

2023/06/23 14:17:27 E:/Study/Wildcat1u1/gin/gin/bootstrap/db.go:122
[0.523ms] [rows:-] SELECT DATABASE()

2023/06/23 14:17:27 E:/Study/Wildcat1u1/gin/gin/bootstrap/db.go:122
[0.518ms] [rows:1] SELECT SCHEMA_NAME from Information_schema.SCHEMATA where SCHEMA_NAME LIKE 'go_test%' ORDER BY SCHEMA_NAME='go_test' DESC,SCHEMA_NAME limit 1

2023/06/23 14:17:27 E:/Study/Wildcat1u1/gin/gin/bootstrap/db.go:122
[1.038ms] [rows:-] SELECT count(*) FROM information_schema.statistics WHERE table_schema = 'go_test' AND table_name = 'users' AND index_name = 'idx_users_mobile'

2023/06/23 14:17:27 E:/Study/Wildcat1u1/gin/gin/bootstrap/db.go:122
[0.000ms] [rows:-] SELECT DATABASE()

2023/06/23 14:17:27 E:/Study/Wildcat1u1/gin/gin/bootstrap/db.go:122
[1.027ms] [rows:1] SELECT SCHEMA_NAME from Information_schema.SCHEMATA where SCHEMA_NAME LIKE 'go_test%' ORDER BY SCHEMA_NAME='go_test' DESC,SCHEMA_NAME limit 1

2023/06/23 14:17:27 E:/Study/Wildcat1u1/gin/gin/bootstrap/db.go:122
[1.035ms] [rows:-] SELECT count(*) FROM information_schema.statistics WHERE table_schema = 'go_test' AND table_name = 'users' AND index_name = 'idx_users_email'

2023/06/23 14:17:34 E:/Study/Wildcat1u1/gin/gin/app/services/user.go:48
[1.257ms] [rows:1] SELECT * FROM `users` WHERE mobile = '17783073950' AND `users`.`deleted_at` IS NULL ORDER BY `users`.`id` LIMIT 1

2023/06/23 14:29:06 E:/Study/Wildcat1u1/gin/gin/app/services/user.go:48
[1.715ms] [rows:1] SELECT * FROM `users` WHERE mobile = '17783073950' AND `users`.`deleted_at` IS NULL ORDER BY `users`.`id` LIMIT 1

2023/06/23 14:30:55 E:/Study/Wildcat1u1/gin/gin/bootstrap/db.go:122
[0.593ms] [rows:-] SELECT DATABASE()

2023/06/23 14:30:55 E:/Study/Wildcat1u1/gin/gin/bootstrap/db.go:122
[1.028ms] [rows:1] SELECT SCHEMA_NAME from Information_schema.SCHEMATA where SCHEMA_NAME LIKE 'go_test%' ORDER BY SCHEMA_NAME='go_test' DESC,SCHEMA_NAME limit 1

2023/06/23 14:30:55 E:/Study/Wildcat1u1/gin/gin/bootstrap/db.go:122
[1.631ms] [rows:-] SELECT count(*) FROM information_schema.tables WHERE table_schema = 'go_test' AND table_name = 'users' AND table_type = 'BASE TABLE'

2023/06/23 14:30:55 E:/Study/Wildcat1u1/gin/gin/bootstrap/db.go:122
[0.520ms] [rows:-] SELECT DATABASE()

2023/06/23 14:30:55 E:/Study/Wildcat1u1/gin/gin/bootstrap/db.go:122
[1.060ms] [rows:1] SELECT SCHEMA_NAME from Information_schema.SCHEMATA where SCHEMA_NAME LIKE 'go_test%' ORDER BY SCHEMA_NAME='go_test' DESC,SCHEMA_NAME limit 1

2023/06/23 14:30:55 E:/Study/Wildcat1u1/gin/gin/bootstrap/db.go:122
[0.545ms] [rows:-] SELECT * FROM `users` LIMIT 1

2023/06/23 14:30:55 E:/Study/Wildcat1u1/gin/gin/bootstrap/db.go:122
[1.046ms] [rows:-] SELECT column_name, column_default, is_nullable = 'YES', data_type, character_maximum_length, column_type, column_key, extra, column_comment, numeric_precision, numeric_scale FROM information_schema.columns WHERE table_schema = 'go_test' AND table_name = 'users' ORDER BY ORDINAL_POSITION

2023/06/23 14:30:55 E:/Study/Wildcat1u1/gin/gin/bootstrap/db.go:122
[0.000ms] [rows:-] SELECT DATABASE()

2023/06/23 14:30:55 E:/Study/Wildcat1u1/gin/gin/bootstrap/db.go:122
[1.084ms] [rows:1] SELECT SCHEMA_NAME from Information_schema.SCHEMATA where SCHEMA_NAME LIKE 'go_test%' ORDER BY SCHEMA_NAME='go_test' DESC,SCHEMA_NAME limit 1

2023/06/23 14:30:55 E:/Study/Wildcat1u1/gin/gin/bootstrap/db.go:122
[1.051ms] [rows:-] SELECT count(*) FROM information_schema.statistics WHERE table_schema = 'go_test' AND table_name = 'users' AND index_name = 'idx_users_mobile'

2023/06/23 14:30:55 E:/Study/Wildcat1u1/gin/gin/bootstrap/db.go:122
[0.000ms] [rows:-] SELECT DATABASE()

2023/06/23 14:30:55 E:/Study/Wildcat1u1/gin/gin/bootstrap/db.go:122
[1.037ms] [rows:1] SELECT SCHEMA_NAME from Information_schema.SCHEMATA where SCHEMA_NAME LIKE 'go_test%' ORDER BY SCHEMA_NAME='go_test' DESC,SCHEMA_NAME limit 1

2023/06/23 14:30:55 E:/Study/Wildcat1u1/gin/gin/bootstrap/db.go:122
[1.035ms] [rows:-] SELECT count(*) FROM information_schema.statistics WHERE table_schema = 'go_test' AND table_name = 'users' AND index_name = 'idx_users_email'

2023/06/23 14:30:55 E:/Study/Wildcat1u1/gin/gin/bootstrap/db.go:122
[1.927ms] [rows:-] SELECT DATABASE()

2023/06/23 14:30:55 E:/Study/Wildcat1u1/gin/gin/bootstrap/db.go:122
[1.028ms] [rows:1] SELECT SCHEMA_NAME from Information_schema.SCHEMATA where SCHEMA_NAME LIKE 'go_test%' ORDER BY SCHEMA_NAME='go_test' DESC,SCHEMA_NAME limit 1

2023/06/23 14:30:55 E:/Study/Wildcat1u1/gin/gin/bootstrap/db.go:122
[1.046ms] [rows:-] SELECT count(*) FROM information_schema.statistics WHERE table_schema = 'go_test' AND table_name = 'users' AND index_name = 'idx_users_deleted_at'

2023/06/23 14:32:12 E:/Study/Wildcat1u1/gin/gin/app/services/user.go:48
[2.078ms] [rows:1] SELECT * FROM `users` WHERE mobile = '17783073950' AND `users`.`deleted_at` IS NULL ORDER BY `users`.`id` LIMIT 1

2023/06/23 14:32:36 E:/Study/Wildcat1u1/gin/gin/app/services/user.go:48
[2.512ms] [rows:1] SELECT * FROM `users` WHERE mobile = '17783073950' AND `users`.`deleted_at` IS NULL ORDER BY `users`.`id` LIMIT 1

2023/06/23 14:32:51 E:/Study/Wildcat1u1/gin/gin/app/services/user.go:48
[2.498ms] [rows:1] SELECT * FROM `users` WHERE mobile = '17783073950' AND `users`.`deleted_at` IS NULL ORDER BY `users`.`id` LIMIT 1

2023/06/23 14:33:11 E:/Study/Wildcat1u1/gin/gin/app/services/user.go:48
[1.890ms] [rows:1] SELECT * FROM `users` WHERE mobile = '17783073950' AND `users`.`deleted_at` IS NULL ORDER BY `users`.`id` LIMIT 1

2023/06/23 14:34:41 E:/Study/Wildcat1u1/gin/gin/app/services/user.go:48
[2.423ms] [rows:1] SELECT * FROM `users` WHERE mobile = '17783073950' AND `users`.`deleted_at` IS NULL ORDER BY `users`.`id` LIMIT 1

2023/06/23 14:35:12 E:/Study/Wildcat1u1/gin/gin/app/services/user.go:48
[1.708ms] [rows:1] SELECT * FROM `users` WHERE mobile = '17783073950' AND `users`.`deleted_at` IS NULL ORDER BY `users`.`id` LIMIT 1

2023/06/23 14:37:25 E:/Study/Wildcat1u1/gin/gin/app/services/user.go:48 record not found
[1.609ms] [rows:0] SELECT * FROM `users` WHERE mobile = '17783073959' AND `users`.`deleted_at` IS NULL ORDER BY `users`.`id` LIMIT 1

2023/06/23 14:37:29 E:/Study/Wildcat1u1/gin/gin/app/services/user.go:48
[2.217ms] [rows:1] SELECT * FROM `users` WHERE mobile = '17783073950' AND `users`.`deleted_at` IS NULL ORDER BY `users`.`id` LIMIT 1

2023/06/23 14:37:57 E:/Study/Wildcat1u1/gin/gin/app/services/user.go:48
[2.214ms] [rows:1] SELECT * FROM `users` WHERE mobile = '17783073950' AND `users`.`deleted_at` IS NULL ORDER BY `users`.`id` LIMIT 1

2023/06/23 14:47:21 E:/Study/Wildcat1u1/gin/gin/app/services/user.go:48
[1.474ms] [rows:1] SELECT * FROM `users` WHERE mobile = '17783073950' AND `users`.`deleted_at` IS NULL ORDER BY `users`.`id` LIMIT 1

2023/06/23 14:48:13 E:/Study/Wildcat1u1/gin/gin/app/services/user.go:48
[2.278ms] [rows:1] SELECT * FROM `users` WHERE mobile = '17783073950' AND `users`.`deleted_at` IS NULL ORDER BY `users`.`id` LIMIT 1

2023/06/23 14:52:39 E:/Study/Wildcat1u1/gin/gin/app/services/user.go:48
[1.534ms] [rows:1] SELECT * FROM `users` WHERE mobile = '17783073950' AND `users`.`deleted_at` IS NULL ORDER BY `users`.`id` LIMIT 1

2023/06/23 14:52:43 E:/Study/Wildcat1u1/gin/gin/app/services/user.go:90
[1.308ms] [rows:1] SELECT * FROM `users` WHERE `users`.`id` = 3 AND `users`.`deleted_at` IS NULL ORDER BY `users`.`id` LIMIT 1

2023/06/23 14:52:47 E:/Study/Wildcat1u1/gin/gin/app/services/user.go:90
[1.049ms] [rows:1] SELECT * FROM `users` WHERE `users`.`id` = 3 AND `users`.`deleted_at` IS NULL ORDER BY `users`.`id` LIMIT 1

2023/06/23 14:52:48 E:/Study/Wildcat1u1/gin/gin/app/services/user.go:90
[3.592ms] [rows:1] SELECT * FROM `users` WHERE `users`.`id` = 3 AND `users`.`deleted_at` IS NULL ORDER BY `users`.`id` LIMIT 1

2023/06/23 14:52:48 E:/Study/Wildcat1u1/gin/gin/app/services/user.go:90
[1.082ms] [rows:1] SELECT * FROM `users` WHERE `users`.`id` = 3 AND `users`.`deleted_at` IS NULL ORDER BY `users`.`id` LIMIT 1

2023/06/23 14:54:11 E:/Study/Wildcat1u1/gin/gin/bootstrap/db.go:122
[0.516ms] [rows:-] SELECT DATABASE()

2023/06/23 14:54:11 E:/Study/Wildcat1u1/gin/gin/bootstrap/db.go:122
[1.039ms] [rows:1] SELECT SCHEMA_NAME from Information_schema.SCHEMATA where SCHEMA_NAME LIKE 'go_test%' ORDER BY SCHEMA_NAME='go_test' DESC,SCHEMA_NAME limit 1

2023/06/23 14:54:11 E:/Study/Wildcat1u1/gin/gin/bootstrap/db.go:122
[1.040ms] [rows:-] SELECT count(*) FROM information_schema.tables WHERE table_schema = 'go_test' AND table_name = 'users' AND table_type = 'BASE TABLE'

2023/06/23 14:54:11 E:/Study/Wildcat1u1/gin/gin/bootstrap/db.go:122
[0.000ms] [rows:-] SELECT DATABASE()

2023/06/23 14:54:11 E:/Study/Wildcat1u1/gin/gin/bootstrap/db.go:122
[1.038ms] [rows:1] SELECT SCHEMA_NAME from Information_schema.SCHEMATA where SCHEMA_NAME LIKE 'go_test%' ORDER BY SCHEMA_NAME='go_test' DESC,SCHEMA_NAME limit 1

2023/06/23 14:54:11 E:/Study/Wildcat1u1/gin/gin/bootstrap/db.go:122
[0.519ms] [rows:-] SELECT * FROM `users` LIMIT 1

2023/06/23 14:54:11 E:/Study/Wildcat1u1/gin/gin/bootstrap/db.go:122
[1.563ms] [rows:-] SELECT column_name, column_default, is_nullable = 'YES', data_type, character_maximum_length, column_type, column_key, extra, column_comment, numeric_precision, numeric_scale FROM information_schema.columns WHERE table_schema = 'go_test' AND table_name = 'users' ORDER BY ORDINAL_POSITION

2023/06/23 14:54:11 E:/Study/Wildcat1u1/gin/gin/bootstrap/db.go:122
[0.517ms] [rows:-] SELECT DATABASE()

2023/06/23 14:54:11 E:/Study/Wildcat1u1/gin/gin/bootstrap/db.go:122
[0.518ms] [rows:1] SELECT SCHEMA_NAME from Information_schema.SCHEMATA where SCHEMA_NAME LIKE 'go_test%' ORDER BY SCHEMA_NAME='go_test' DESC,SCHEMA_NAME limit 1

2023/06/23 14:54:11 E:/Study/Wildcat1u1/gin/gin/bootstrap/db.go:122
[1.555ms] [rows:-] SELECT count(*) FROM information_schema.statistics WHERE table_schema = 'go_test' AND table_name = 'users' AND index_name = 'idx_users_mobile'

2023/06/23 14:54:11 E:/Study/Wildcat1u1/gin/gin/bootstrap/db.go:122
[0.519ms] [rows:-] SELECT DATABASE()

2023/06/23 14:54:11 E:/Study/Wildcat1u1/gin/gin/bootstrap/db.go:122
[0.519ms] [rows:1] SELECT SCHEMA_NAME from Information_schema.SCHEMATA where SCHEMA_NAME LIKE 'go_test%' ORDER BY SCHEMA_NAME='go_test' DESC,SCHEMA_NAME limit 1

2023/06/23 14:54:11 E:/Study/Wildcat1u1/gin/gin/bootstrap/db.go:122
[1.038ms] [rows:-] SELECT count(*) FROM information_schema.statistics WHERE table_schema = 'go_test' AND table_name = 'users' AND index_name = 'idx_users_email'

2023/06/23 14:54:11 E:/Study/Wildcat1u1/gin/gin/bootstrap/db.go:122
[0.518ms] [rows:-] SELECT DATABASE()

2023/06/23 14:54:11 E:/Study/Wildcat1u1/gin/gin/bootstrap/db.go:122
[1.039ms] [rows:1] SELECT SCHEMA_NAME from Information_schema.SCHEMATA where SCHEMA_NAME LIKE 'go_test%' ORDER BY SCHEMA_NAME='go_test' DESC,SCHEMA_NAME limit 1

2023/06/23 14:54:11 E:/Study/Wildcat1u1/gin/gin/bootstrap/db.go:122
[1.560ms] [rows:-] SELECT count(*) FROM information_schema.statistics WHERE table_schema = 'go_test' AND table_name = 'users' AND index_name = 'idx_users_deleted_at'

2023/06/23 14:58:21 E:/Study/Wildcat1u1/gin/gin/bootstrap/db.go:122
[0.000ms] [rows:-] SELECT DATABASE()

2023/06/23 14:58:21 E:/Study/Wildcat1u1/gin/gin/bootstrap/db.go:122
[1.030ms] [rows:1] SELECT SCHEMA_NAME from Information_schema.SCHEMATA where SCHEMA_NAME LIKE 'go_test%' ORDER BY SCHEMA_NAME='go_test' DESC,SCHEMA_NAME limit 1

2023/06/23 14:58:21 E:/Study/Wildcat1u1/gin/gin/bootstrap/db.go:122
[1.476ms] [rows:-] SELECT count(*) FROM information_schema.tables WHERE table_schema = 'go_test' AND table_name = 'users' AND table_type = 'BASE TABLE'

2023/06/23 14:58:21 E:/Study/Wildcat1u1/gin/gin/bootstrap/db.go:122
[0.516ms] [rows:-] SELECT DATABASE()

2023/06/23 14:58:21 E:/Study/Wildcat1u1/gin/gin/bootstrap/db.go:122
[1.036ms] [rows:1] SELECT SCHEMA_NAME from Information_schema.SCHEMATA where SCHEMA_NAME LIKE 'go_test%' ORDER BY SCHEMA_NAME='go_test' DESC,SCHEMA_NAME limit 1

2023/06/23 14:58:21 E:/Study/Wildcat1u1/gin/gin/bootstrap/db.go:122
[0.512ms] [rows:-] SELECT * FROM `users` LIMIT 1

2023/06/23 14:58:21 E:/Study/Wildcat1u1/gin/gin/bootstrap/db.go:122
[1.030ms] [rows:-] SELECT column_name, column_default, is_nullable = 'YES', data_type, character_maximum_length, column_type, column_key, extra, column_comment, numeric_precision, numeric_scale FROM information_schema.columns WHERE table_schema = 'go_test' AND table_name = 'users' ORDER BY ORDINAL_POSITION

2023/06/23 14:58:21 E:/Study/Wildcat1u1/gin/gin/bootstrap/db.go:122
[0.516ms] [rows:-] SELECT DATABASE()

2023/06/23 14:58:21 E:/Study/Wildcat1u1/gin/gin/bootstrap/db.go:122
[1.028ms] [rows:1] SELECT SCHEMA_NAME from Information_schema.SCHEMATA where SCHEMA_NAME LIKE 'go_test%' ORDER BY SCHEMA_NAME='go_test' DESC,SCHEMA_NAME limit 1

2023/06/23 14:58:21 E:/Study/Wildcat1u1/gin/gin/bootstrap/db.go:122
[1.030ms] [rows:-] SELECT count(*) FROM information_schema.statistics WHERE table_schema = 'go_test' AND table_name = 'users' AND index_name = 'idx_users_mobile'

2023/06/23 14:58:21 E:/Study/Wildcat1u1/gin/gin/bootstrap/db.go:122
[0.515ms] [rows:-] SELECT DATABASE()

2023/06/23 14:58:21 E:/Study/Wildcat1u1/gin/gin/bootstrap/db.go:122
[0.514ms] [rows:1] SELECT SCHEMA_NAME from Information_schema.SCHEMATA where SCHEMA_NAME LIKE 'go_test%' ORDER BY SCHEMA_NAME='go_test' DESC,SCHEMA_NAME limit 1

2023/06/23 14:58:21 E:/Study/Wildcat1u1/gin/gin/bootstrap/db.go:122
[0.516ms] [rows:-] SELECT count(*) FROM information_schema.statistics WHERE table_schema = 'go_test' AND table_name = 'users' AND index_name = 'idx_users_email'

2023/06/23 14:58:21 E:/Study/Wildcat1u1/gin/gin/bootstrap/db.go:122
[0.511ms] [rows:-] SELECT DATABASE()

2023/06/23 14:58:21 E:/Study/Wildcat1u1/gin/gin/bootstrap/db.go:122
[1.029ms] [rows:1] SELECT SCHEMA_NAME from Information_schema.SCHEMATA where SCHEMA_NAME LIKE 'go_test%' ORDER BY SCHEMA_NAME='go_test' DESC,SCHEMA_NAME limit 1

2023/06/23 14:58:21 E:/Study/Wildcat1u1/gin/gin/bootstrap/db.go:122
[1.033ms] [rows:-] SELECT count(*) FROM information_schema.statistics WHERE table_schema = 'go_test' AND table_name = 'users' AND index_name = 'idx_users_deleted_at'
